{
	"/Users/sbeta/Downloads/AZTEC-develop/packages/protocol/contracts/ACE/ACE.sol": {
		"fnMap": {
			"0": {
				"name": null,
				"line": 60,
				"loc": {
					"start": {
						"line": 60,
						"column": 4
					},
					"end": {
						"line": 60,
						"column": 37
					}
				}
			},
			"3": {
				"name": "mint",
				"line": 73,
				"loc": {
					"start": {
						"line": 73,
						"column": 4
					},
					"end": {
						"line": 112,
						"column": 5
					}
				}
			},
			"20": {
				"name": "burn",
				"line": 125,
				"loc": {
					"start": {
						"line": 125,
						"column": 4
					},
					"end": {
						"line": 161,
						"column": 5
					}
				}
			},
			"36": {
				"name": "validateProof",
				"line": 179,
				"loc": {
					"start": {
						"line": 179,
						"column": 4
					},
					"end": {
						"line": 231,
						"column": 5
					}
				}
			},
			"135": {
				"name": "clearProofByHashes",
				"line": 245,
				"loc": {
					"start": {
						"line": 245,
						"column": 4
					},
					"end": {
						"line": 254,
						"column": 5
					}
				}
			},
			"146": {
				"name": "setCommonReferenceString",
				"line": 261,
				"loc": {
					"start": {
						"line": 261,
						"column": 4
					},
					"end": {
						"line": 265,
						"column": 5
					}
				}
			},
			"151": {
				"name": "invalidateProof",
				"line": 271,
				"loc": {
					"start": {
						"line": 271,
						"column": 4
					},
					"end": {
						"line": 276,
						"column": 5
					}
				}
			},
			"157": {
				"name": "validateProofByHash",
				"line": 287,
				"loc": {
					"start": {
						"line": 287,
						"column": 4
					},
					"end": {
						"line": 349,
						"column": 5
					}
				}
			},
			"187": {
				"name": "setProof",
				"line": 357,
				"loc": {
					"start": {
						"line": 357,
						"column": 4
					},
					"end": {
						"line": 368,
						"column": 5
					}
				}
			},
			"196": {
				"name": "incrementLatestEpoch",
				"line": 373,
				"loc": {
					"start": {
						"line": 373,
						"column": 4
					},
					"end": {
						"line": 377,
						"column": 5
					}
				}
			},
			"201": {
				"name": "getCommonReferenceString",
				"line": 384,
				"loc": {
					"start": {
						"line": 384,
						"column": 4
					},
					"end": {
						"line": 386,
						"column": 5
					}
				}
			},
			"204": {
				"name": "getValidatorAddress",
				"line": 388,
				"loc": {
					"start": {
						"line": 388,
						"column": 4
					},
					"end": {
						"line": 418,
						"column": 5
					}
				}
			}
		},
		"branchMap": {
			"126": {
				"line": 222,
				"type": "if",
				"locations": [
					{
						"start": {
							"line": 222,
							"column": 69
						},
						"end": {
							"line": 229,
							"column": 9
						}
					},
					{
						"start": {
							"line": 222,
							"column": 8
						},
						"end": {
							"line": 229,
							"column": 9
						}
					}
				]
			},
			"221": {
				"line": 414,
				"type": "if",
				"locations": [
					{
						"start": {
							"line": 414,
							"column": 26
						},
						"end": {
							"line": 417,
							"column": 9
						}
					},
					{
						"start": {
							"line": 414,
							"column": 8
						},
						"end": {
							"line": 417,
							"column": 9
						}
					}
				]
			}
		},
		"statementMap": {
			"1": {
				"start": {
					"line": 60,
					"column": 4
				},
				"end": {
					"line": 60,
					"column": 37
				}
			},
			"2": {
				"start": {
					"line": 60,
					"column": 25
				},
				"end": {
					"line": 60,
					"column": 34
				}
			},
			"4": {
				"start": {
					"line": 73,
					"column": 4
				},
				"end": {
					"line": 112,
					"column": 5
				}
			},
			"5": {
				"start": {
					"line": 79,
					"column": 8
				},
				"end": {
					"line": 79,
					"column": 59
				}
			},
			"6": {
				"start": {
					"line": 80,
					"column": 8
				},
				"end": {
					"line": 80,
					"column": 100
				}
			},
			"7": {
				"start": {
					"line": 81,
					"column": 8
				},
				"end": {
					"line": 81,
					"column": 85
				}
			},
			"8": {
				"start": {
					"line": 84,
					"column": 8
				},
				"end": {
					"line": 84,
					"column": 59
				}
			},
			"9": {
				"start": {
					"line": 86,
					"column": 8
				},
				"end": {
					"line": 86,
					"column": 82
				}
			},
			"10": {
				"start": {
					"line": 88,
					"column": 8
				},
				"end": {
					"line": 88,
					"column": 90
				}
			},
			"11": {
				"start": {
					"line": 89,
					"column": 8
				},
				"end": {
					"line": 89,
					"column": 78
				}
			},
			"12": {
				"start": {
					"line": 92,
					"column": 8
				},
				"end": {
					"line": 95,
					"column": 54
				}
			},
			"13": {
				"start": {
					"line": 98,
					"column": 8
				},
				"end": {
					"line": 98,
					"column": 71
				}
			},
			"14": {
				"start": {
					"line": 100,
					"column": 8
				},
				"end": {
					"line": 100,
					"column": 114
				}
			},
			"15": {
				"start": {
					"line": 101,
					"column": 8
				},
				"end": {
					"line": 101,
					"column": 71
				}
			},
			"16": {
				"start": {
					"line": 102,
					"column": 8
				},
				"end": {
					"line": 102,
					"column": 59
				}
			},
			"17": {
				"start": {
					"line": 105,
					"column": 8
				},
				"end": {
					"line": 108,
					"column": 54
				}
			},
			"18": {
				"start": {
					"line": 110,
					"column": 8
				},
				"end": {
					"line": 110,
					"column": 38
				}
			},
			"19": {
				"start": {
					"line": 111,
					"column": 8
				},
				"end": {
					"line": 111,
					"column": 30
				}
			},
			"21": {
				"start": {
					"line": 125,
					"column": 4
				},
				"end": {
					"line": 161,
					"column": 5
				}
			},
			"22": {
				"start": {
					"line": 131,
					"column": 8
				},
				"end": {
					"line": 131,
					"column": 59
				}
			},
			"23": {
				"start": {
					"line": 132,
					"column": 8
				},
				"end": {
					"line": 132,
					"column": 100
				}
			},
			"24": {
				"start": {
					"line": 133,
					"column": 8
				},
				"end": {
					"line": 133,
					"column": 85
				}
			},
			"25": {
				"start": {
					"line": 136,
					"column": 8
				},
				"end": {
					"line": 136,
					"column": 59
				}
			},
			"26": {
				"start": {
					"line": 138,
					"column": 8
				},
				"end": {
					"line": 138,
					"column": 82
				}
			},
			"27": {
				"start": {
					"line": 140,
					"column": 8
				},
				"end": {
					"line": 140,
					"column": 90
				}
			},
			"28": {
				"start": {
					"line": 143,
					"column": 8
				},
				"end": {
					"line": 146,
					"column": 54
				}
			},
			"29": {
				"start": {
					"line": 148,
					"column": 8
				},
				"end": {
					"line": 148,
					"column": 71
				}
			},
			"30": {
				"start": {
					"line": 149,
					"column": 8
				},
				"end": {
					"line": 149,
					"column": 114
				}
			},
			"31": {
				"start": {
					"line": 150,
					"column": 8
				},
				"end": {
					"line": 150,
					"column": 71
				}
			},
			"32": {
				"start": {
					"line": 151,
					"column": 8
				},
				"end": {
					"line": 151,
					"column": 59
				}
			},
			"33": {
				"start": {
					"line": 154,
					"column": 8
				},
				"end": {
					"line": 156,
					"column": 55
				}
			},
			"34": {
				"start": {
					"line": 159,
					"column": 8
				},
				"end": {
					"line": 159,
					"column": 37
				}
			},
			"35": {
				"start": {
					"line": 160,
					"column": 8
				},
				"end": {
					"line": 160,
					"column": 30
				}
			},
			"37": {
				"start": {
					"line": 179,
					"column": 4
				},
				"end": {
					"line": 231,
					"column": 5
				}
			},
			"38": {
				"start": {
					"line": 180,
					"column": 8
				},
				"end": {
					"line": 180,
					"column": 62
				}
			},
			"39": {
				"start": {
					"line": 183,
					"column": 8
				},
				"end": {
					"line": 183,
					"column": 63
				}
			},
			"40": {
				"start": {
					"line": 184,
					"column": 8
				},
				"end": {
					"line": 184,
					"column": 34
				}
			},
			"41": {
				"start": {
					"line": 185,
					"column": 8
				},
				"end": {
					"line": 219,
					"column": 9
				}
			},
			"42": {
				"start": {
					"line": 185,
					"column": 17
				},
				"end": {
					"line": 219,
					"column": 9
				}
			},
			"43": {
				"start": {
					"line": 187,
					"column": 12
				},
				"end": {
					"line": 187,
					"column": 66
				}
			},
			"44": {
				"start": {
					"line": 187,
					"column": 37
				},
				"end": {
					"line": 187,
					"column": 66
				}
			},
			"45": {
				"start": {
					"line": 187,
					"column": 47
				},
				"end": {
					"line": 187,
					"column": 65
				}
			},
			"46": {
				"start": {
					"line": 190,
					"column": 12
				},
				"end": {
					"line": 190,
					"column": 37
				}
			},
			"47": {
				"start": {
					"line": 190,
					"column": 26
				},
				"end": {
					"line": 190,
					"column": 37
				}
			},
			"48": {
				"start": {
					"line": 191,
					"column": 12
				},
				"end": {
					"line": 191,
					"column": 44
				}
			},
			"49": {
				"start": {
					"line": 191,
					"column": 19
				},
				"end": {
					"line": 191,
					"column": 36
				}
			},
			"50": {
				"start": {
					"line": 191,
					"column": 23
				},
				"end": {
					"line": 191,
					"column": 29
				}
			},
			"51": {
				"start": {
					"line": 192,
					"column": 12
				},
				"end": {
					"line": 192,
					"column": 46
				}
			},
			"52": {
				"start": {
					"line": 192,
					"column": 19
				},
				"end": {
					"line": 192,
					"column": 36
				}
			},
			"53": {
				"start": {
					"line": 192,
					"column": 23
				},
				"end": {
					"line": 192,
					"column": 29
				}
			},
			"54": {
				"start": {
					"line": 192,
					"column": 38
				},
				"end": {
					"line": 192,
					"column": 45
				}
			},
			"55": {
				"start": {
					"line": 193,
					"column": 12
				},
				"end": {
					"line": 193,
					"column": 72
				}
			},
			"56": {
				"start": {
					"line": 193,
					"column": 19
				},
				"end": {
					"line": 193,
					"column": 36
				}
			},
			"57": {
				"start": {
					"line": 193,
					"column": 23
				},
				"end": {
					"line": 193,
					"column": 29
				}
			},
			"58": {
				"start": {
					"line": 193,
					"column": 38
				},
				"end": {
					"line": 193,
					"column": 71
				}
			},
			"59": {
				"start": {
					"line": 193,
					"column": 44
				},
				"end": {
					"line": 193,
					"column": 70
				}
			},
			"60": {
				"start": {
					"line": 194,
					"column": 12
				},
				"end": {
					"line": 194,
					"column": 83
				}
			},
			"61": {
				"start": {
					"line": 194,
					"column": 19
				},
				"end": {
					"line": 194,
					"column": 36
				}
			},
			"62": {
				"start": {
					"line": 194,
					"column": 23
				},
				"end": {
					"line": 194,
					"column": 29
				}
			},
			"63": {
				"start": {
					"line": 194,
					"column": 38
				},
				"end": {
					"line": 194,
					"column": 82
				}
			},
			"64": {
				"start": {
					"line": 194,
					"column": 44
				},
				"end": {
					"line": 194,
					"column": 81
				}
			},
			"65": {
				"start": {
					"line": 194,
					"column": 54
				},
				"end": {
					"line": 194,
					"column": 80
				}
			},
			"66": {
				"start": {
					"line": 195,
					"column": 12
				},
				"end": {
					"line": 195,
					"column": 83
				}
			},
			"67": {
				"start": {
					"line": 195,
					"column": 19
				},
				"end": {
					"line": 195,
					"column": 36
				}
			},
			"68": {
				"start": {
					"line": 195,
					"column": 23
				},
				"end": {
					"line": 195,
					"column": 29
				}
			},
			"69": {
				"start": {
					"line": 195,
					"column": 38
				},
				"end": {
					"line": 195,
					"column": 82
				}
			},
			"70": {
				"start": {
					"line": 195,
					"column": 44
				},
				"end": {
					"line": 195,
					"column": 81
				}
			},
			"71": {
				"start": {
					"line": 195,
					"column": 54
				},
				"end": {
					"line": 195,
					"column": 80
				}
			},
			"72": {
				"start": {
					"line": 196,
					"column": 12
				},
				"end": {
					"line": 196,
					"column": 83
				}
			},
			"73": {
				"start": {
					"line": 196,
					"column": 19
				},
				"end": {
					"line": 196,
					"column": 36
				}
			},
			"74": {
				"start": {
					"line": 196,
					"column": 23
				},
				"end": {
					"line": 196,
					"column": 29
				}
			},
			"75": {
				"start": {
					"line": 196,
					"column": 38
				},
				"end": {
					"line": 196,
					"column": 82
				}
			},
			"76": {
				"start": {
					"line": 196,
					"column": 44
				},
				"end": {
					"line": 196,
					"column": 81
				}
			},
			"77": {
				"start": {
					"line": 196,
					"column": 54
				},
				"end": {
					"line": 196,
					"column": 80
				}
			},
			"78": {
				"start": {
					"line": 197,
					"column": 12
				},
				"end": {
					"line": 197,
					"column": 83
				}
			},
			"79": {
				"start": {
					"line": 197,
					"column": 19
				},
				"end": {
					"line": 197,
					"column": 36
				}
			},
			"80": {
				"start": {
					"line": 197,
					"column": 23
				},
				"end": {
					"line": 197,
					"column": 29
				}
			},
			"81": {
				"start": {
					"line": 197,
					"column": 38
				},
				"end": {
					"line": 197,
					"column": 82
				}
			},
			"82": {
				"start": {
					"line": 197,
					"column": 44
				},
				"end": {
					"line": 197,
					"column": 81
				}
			},
			"83": {
				"start": {
					"line": 197,
					"column": 54
				},
				"end": {
					"line": 197,
					"column": 80
				}
			},
			"84": {
				"start": {
					"line": 198,
					"column": 12
				},
				"end": {
					"line": 198,
					"column": 83
				}
			},
			"85": {
				"start": {
					"line": 198,
					"column": 19
				},
				"end": {
					"line": 198,
					"column": 36
				}
			},
			"86": {
				"start": {
					"line": 198,
					"column": 23
				},
				"end": {
					"line": 198,
					"column": 29
				}
			},
			"87": {
				"start": {
					"line": 198,
					"column": 38
				},
				"end": {
					"line": 198,
					"column": 82
				}
			},
			"88": {
				"start": {
					"line": 198,
					"column": 44
				},
				"end": {
					"line": 198,
					"column": 81
				}
			},
			"89": {
				"start": {
					"line": 198,
					"column": 54
				},
				"end": {
					"line": 198,
					"column": 80
				}
			},
			"90": {
				"start": {
					"line": 201,
					"column": 12
				},
				"end": {
					"line": 201,
					"column": 49
				}
			},
			"91": {
				"start": {
					"line": 201,
					"column": 31
				},
				"end": {
					"line": 201,
					"column": 49
				}
			},
			"92": {
				"start": {
					"line": 201,
					"column": 35
				},
				"end": {
					"line": 201,
					"column": 41
				}
			},
			"93": {
				"start": {
					"line": 203,
					"column": 12
				},
				"end": {
					"line": 203,
					"column": 75
				}
			},
			"94": {
				"start": {
					"line": 203,
					"column": 33
				},
				"end": {
					"line": 203,
					"column": 75
				}
			},
			"95": {
				"start": {
					"line": 203,
					"column": 37
				},
				"end": {
					"line": 203,
					"column": 68
				}
			},
			"96": {
				"start": {
					"line": 203,
					"column": 50
				},
				"end": {
					"line": 203,
					"column": 67
				}
			},
			"97": {
				"start": {
					"line": 205,
					"column": 12
				},
				"end": {
					"line": 205,
					"column": 71
				}
			},
			"98": {
				"start": {
					"line": 205,
					"column": 25
				},
				"end": {
					"line": 205,
					"column": 36
				}
			},
			"99": {
				"start": {
					"line": 205,
					"column": 38
				},
				"end": {
					"line": 205,
					"column": 55
				}
			},
			"100": {
				"start": {
					"line": 205,
					"column": 57
				},
				"end": {
					"line": 205,
					"column": 70
				}
			},
			"101": {
				"start": {
					"line": 207,
					"column": 12
				},
				"end": {
					"line": 207,
					"column": 53
				}
			},
			"102": {
				"start": {
					"line": 207,
					"column": 28
				},
				"end": {
					"line": 207,
					"column": 53
				}
			},
			"103": {
				"start": {
					"line": 207,
					"column": 32
				},
				"end": {
					"line": 207,
					"column": 45
				}
			},
			"104": {
				"start": {
					"line": 208,
					"column": 12
				},
				"end": {
					"line": 211,
					"column": 13
				}
			},
			"105": {
				"start": {
					"line": 208,
					"column": 19
				},
				"end": {
					"line": 208,
					"column": 82
				}
			},
			"106": {
				"start": {
					"line": 208,
					"column": 30
				},
				"end": {
					"line": 208,
					"column": 33
				}
			},
			"107": {
				"start": {
					"line": 208,
					"column": 35
				},
				"end": {
					"line": 208,
					"column": 51
				}
			},
			"108": {
				"start": {
					"line": 208,
					"column": 53
				},
				"end": {
					"line": 208,
					"column": 59
				}
			},
			"109": {
				"start": {
					"line": 208,
					"column": 61
				},
				"end": {
					"line": 208,
					"column": 69
				}
			},
			"110": {
				"start": {
					"line": 209,
					"column": 19
				},
				"end": {
					"line": 211,
					"column": 13
				}
			},
			"111": {
				"start": {
					"line": 210,
					"column": 16
				},
				"end": {
					"line": 210,
					"column": 33
				}
			},
			"112": {
				"start": {
					"line": 210,
					"column": 34
				},
				"end": {
					"line": 210,
					"column": 52
				}
			},
			"113": {
				"start": {
					"line": 214,
					"column": 12
				},
				"end": {
					"line": 214,
					"column": 56
				}
			},
			"114": {
				"start": {
					"line": 214,
					"column": 27
				},
				"end": {
					"line": 214,
					"column": 33
				}
			},
			"115": {
				"start": {
					"line": 214,
					"column": 41
				},
				"end": {
					"line": 214,
					"column": 55
				}
			},
			"116": {
				"start": {
					"line": 216,
					"column": 12
				},
				"end": {
					"line": 216,
					"column": 53
				}
			},
			"117": {
				"start": {
					"line": 216,
					"column": 25
				},
				"end": {
					"line": 216,
					"column": 52
				}
			},
			"118": {
				"start": {
					"line": 216,
					"column": 29
				},
				"end": {
					"line": 216,
					"column": 35
				}
			},
			"119": {
				"start": {
					"line": 216,
					"column": 37
				},
				"end": {
					"line": 216,
					"column": 51
				}
			},
			"120": {
				"start": {
					"line": 218,
					"column": 12
				},
				"end": {
					"line": 218,
					"column": 54
				}
			},
			"121": {
				"start": {
					"line": 218,
					"column": 28
				},
				"end": {
					"line": 218,
					"column": 54
				}
			},
			"122": {
				"start": {
					"line": 218,
					"column": 32
				},
				"end": {
					"line": 218,
					"column": 38
				}
			},
			"123": {
				"start": {
					"line": 218,
					"column": 40
				},
				"end": {
					"line": 218,
					"column": 53
				}
			},
			"124": {
				"start": {
					"line": 218,
					"column": 46
				},
				"end": {
					"line": 218,
					"column": 52
				}
			},
			"125": {
				"start": {
					"line": 222,
					"column": 8
				},
				"end": {
					"line": 229,
					"column": 9
				}
			},
			"127": {
				"start": {
					"line": 223,
					"column": 12
				},
				"end": {
					"line": 223,
					"column": 54
				}
			},
			"128": {
				"start": {
					"line": 224,
					"column": 12
				},
				"end": {
					"line": 228,
					"column": 13
				}
			},
			"129": {
				"start": {
					"line": 224,
					"column": 17
				},
				"end": {
					"line": 224,
					"column": 31
				}
			},
			"130": {
				"start": {
					"line": 224,
					"column": 44
				},
				"end": {
					"line": 224,
					"column": 50
				}
			},
			"131": {
				"start": {
					"line": 225,
					"column": 16
				},
				"end": {
					"line": 225,
					"column": 67
				}
			},
			"132": {
				"start": {
					"line": 226,
					"column": 16
				},
				"end": {
					"line": 226,
					"column": 98
				}
			},
			"133": {
				"start": {
					"line": 227,
					"column": 16
				},
				"end": {
					"line": 227,
					"column": 58
				}
			},
			"134": {
				"start": {
					"line": 230,
					"column": 8
				},
				"end": {
					"line": 230,
					"column": 28
				}
			},
			"136": {
				"start": {
					"line": 245,
					"column": 4
				},
				"end": {
					"line": 254,
					"column": 5
				}
			},
			"137": {
				"start": {
					"line": 246,
					"column": 8
				},
				"end": {
					"line": 246,
					"column": 45
				}
			},
			"138": {
				"start": {
					"line": 247,
					"column": 8
				},
				"end": {
					"line": 253,
					"column": 9
				}
			},
			"139": {
				"start": {
					"line": 247,
					"column": 13
				},
				"end": {
					"line": 247,
					"column": 27
				}
			},
			"140": {
				"start": {
					"line": 247,
					"column": 40
				},
				"end": {
					"line": 247,
					"column": 46
				}
			},
			"141": {
				"start": {
					"line": 248,
					"column": 12
				},
				"end": {
					"line": 248,
					"column": 48
				}
			},
			"142": {
				"start": {
					"line": 249,
					"column": 12
				},
				"end": {
					"line": 249,
					"column": 78
				}
			},
			"143": {
				"start": {
					"line": 250,
					"column": 12
				},
				"end": {
					"line": 250,
					"column": 94
				}
			},
			"144": {
				"start": {
					"line": 251,
					"column": 12
				},
				"end": {
					"line": 251,
					"column": 110
				}
			},
			"145": {
				"start": {
					"line": 252,
					"column": 12
				},
				"end": {
					"line": 252,
					"column": 55
				}
			},
			"147": {
				"start": {
					"line": 261,
					"column": 4
				},
				"end": {
					"line": 265,
					"column": 5
				}
			},
			"148": {
				"start": {
					"line": 262,
					"column": 8
				},
				"end": {
					"line": 262,
					"column": 80
				}
			},
			"149": {
				"start": {
					"line": 263,
					"column": 8
				},
				"end": {
					"line": 263,
					"column": 54
				}
			},
			"150": {
				"start": {
					"line": 264,
					"column": 8
				},
				"end": {
					"line": 264,
					"column": 62
				}
			},
			"152": {
				"start": {
					"line": 271,
					"column": 4
				},
				"end": {
					"line": 276,
					"column": 5
				}
			},
			"153": {
				"start": {
					"line": 272,
					"column": 8
				},
				"end": {
					"line": 272,
					"column": 67
				}
			},
			"154": {
				"start": {
					"line": 273,
					"column": 8
				},
				"end": {
					"line": 273,
					"column": 78
				}
			},
			"155": {
				"start": {
					"line": 274,
					"column": 8
				},
				"end": {
					"line": 274,
					"column": 105
				}
			},
			"156": {
				"start": {
					"line": 275,
					"column": 8
				},
				"end": {
					"line": 275,
					"column": 54
				}
			},
			"158": {
				"start": {
					"line": 287,
					"column": 4
				},
				"end": {
					"line": 349,
					"column": 5
				}
			},
			"159": {
				"start": {
					"line": 298,
					"column": 8
				},
				"end": {
					"line": 298,
					"column": 35
				}
			},
			"160": {
				"start": {
					"line": 299,
					"column": 8
				},
				"end": {
					"line": 299,
					"column": 33
				}
			},
			"161": {
				"start": {
					"line": 300,
					"column": 8
				},
				"end": {
					"line": 346,
					"column": 9
				}
			},
			"162": {
				"start": {
					"line": 300,
					"column": 17
				},
				"end": {
					"line": 346,
					"column": 9
				}
			},
			"163": {
				"start": {
					"line": 329,
					"column": 12
				},
				"end": {
					"line": 336,
					"column": 17
				}
			},
			"164": {
				"start": {
					"line": 330,
					"column": 16
				},
				"end": {
					"line": 336,
					"column": 17
				}
			},
			"165": {
				"start": {
					"line": 331,
					"column": 20
				},
				"end": {
					"line": 334,
					"column": 21
				}
			},
			"166": {
				"start": {
					"line": 333,
					"column": 24
				},
				"end": {
					"line": 333,
					"column": 41
				}
			},
			"167": {
				"start": {
					"line": 333,
					"column": 28
				},
				"end": {
					"line": 333,
					"column": 34
				}
			},
			"168": {
				"start": {
					"line": 335,
					"column": 20
				},
				"end": {
					"line": 335,
					"column": 71
				}
			},
			"169": {
				"start": {
					"line": 335,
					"column": 26
				},
				"end": {
					"line": 335,
					"column": 70
				}
			},
			"170": {
				"start": {
					"line": 335,
					"column": 30
				},
				"end": {
					"line": 335,
					"column": 44
				}
			},
			"171": {
				"start": {
					"line": 335,
					"column": 37
				},
				"end": {
					"line": 335,
					"column": 43
				}
			},
			"172": {
				"start": {
					"line": 335,
					"column": 46
				},
				"end": {
					"line": 335,
					"column": 69
				}
			},
			"173": {
				"start": {
					"line": 340,
					"column": 12
				},
				"end": {
					"line": 340,
					"column": 37
				}
			},
			"174": {
				"start": {
					"line": 340,
					"column": 26
				},
				"end": {
					"line": 340,
					"column": 37
				}
			},
			"175": {
				"start": {
					"line": 341,
					"column": 12
				},
				"end": {
					"line": 341,
					"column": 36
				}
			},
			"176": {
				"start": {
					"line": 341,
					"column": 25
				},
				"end": {
					"line": 341,
					"column": 35
				}
			},
			"177": {
				"start": {
					"line": 342,
					"column": 12
				},
				"end": {
					"line": 342,
					"column": 32
				}
			},
			"178": {
				"start": {
					"line": 342,
					"column": 25
				},
				"end": {
					"line": 342,
					"column": 31
				}
			},
			"179": {
				"start": {
					"line": 343,
					"column": 12
				},
				"end": {
					"line": 343,
					"column": 33
				}
			},
			"180": {
				"start": {
					"line": 343,
					"column": 25
				},
				"end": {
					"line": 343,
					"column": 32
				}
			},
			"181": {
				"start": {
					"line": 344,
					"column": 12
				},
				"end": {
					"line": 344,
					"column": 55
				}
			},
			"182": {
				"start": {
					"line": 344,
					"column": 34
				},
				"end": {
					"line": 344,
					"column": 55
				}
			},
			"183": {
				"start": {
					"line": 345,
					"column": 12
				},
				"end": {
					"line": 345,
					"column": 32
				}
			},
			"184": {
				"start": {
					"line": 345,
					"column": 25
				},
				"end": {
					"line": 345,
					"column": 31
				}
			},
			"185": {
				"start": {
					"line": 347,
					"column": 8
				},
				"end": {
					"line": 347,
					"column": 78
				}
			},
			"186": {
				"start": {
					"line": 348,
					"column": 8
				},
				"end": {
					"line": 348,
					"column": 51
				}
			},
			"188": {
				"start": {
					"line": 357,
					"column": 4
				},
				"end": {
					"line": 368,
					"column": 5
				}
			},
			"189": {
				"start": {
					"line": 361,
					"column": 8
				},
				"end": {
					"line": 361,
					"column": 60
				}
			},
			"190": {
				"start": {
					"line": 362,
					"column": 8
				},
				"end": {
					"line": 362,
					"column": 93
				}
			},
			"191": {
				"start": {
					"line": 363,
					"column": 8
				},
				"end": {
					"line": 363,
					"column": 78
				}
			},
			"192": {
				"start": {
					"line": 364,
					"column": 8
				},
				"end": {
					"line": 364,
					"column": 95
				}
			},
			"193": {
				"start": {
					"line": 365,
					"column": 8
				},
				"end": {
					"line": 365,
					"column": 102
				}
			},
			"194": {
				"start": {
					"line": 366,
					"column": 8
				},
				"end": {
					"line": 366,
					"column": 59
				}
			},
			"195": {
				"start": {
					"line": 367,
					"column": 8
				},
				"end": {
					"line": 367,
					"column": 62
				}
			},
			"197": {
				"start": {
					"line": 373,
					"column": 4
				},
				"end": {
					"line": 377,
					"column": 5
				}
			},
			"198": {
				"start": {
					"line": 374,
					"column": 8
				},
				"end": {
					"line": 374,
					"column": 72
				}
			},
			"199": {
				"start": {
					"line": 375,
					"column": 8
				},
				"end": {
					"line": 375,
					"column": 40
				}
			},
			"200": {
				"start": {
					"line": 376,
					"column": 8
				},
				"end": {
					"line": 376,
					"column": 47
				}
			},
			"202": {
				"start": {
					"line": 384,
					"column": 4
				},
				"end": {
					"line": 386,
					"column": 5
				}
			},
			"203": {
				"start": {
					"line": 385,
					"column": 8
				},
				"end": {
					"line": 385,
					"column": 37
				}
			},
			"205": {
				"start": {
					"line": 388,
					"column": 4
				},
				"end": {
					"line": 418,
					"column": 5
				}
			},
			"206": {
				"start": {
					"line": 389,
					"column": 8
				},
				"end": {
					"line": 389,
					"column": 33
				}
			},
			"207": {
				"start": {
					"line": 390,
					"column": 8
				},
				"end": {
					"line": 390,
					"column": 26
				}
			},
			"208": {
				"start": {
					"line": 391,
					"column": 8
				},
				"end": {
					"line": 411,
					"column": 9
				}
			},
			"209": {
				"start": {
					"line": 391,
					"column": 17
				},
				"end": {
					"line": 411,
					"column": 9
				}
			},
			"210": {
				"start": {
					"line": 409,
					"column": 12
				},
				"end": {
					"line": 409,
					"column": 67
				}
			},
			"211": {
				"start": {
					"line": 409,
					"column": 32
				},
				"end": {
					"line": 409,
					"column": 67
				}
			},
			"212": {
				"start": {
					"line": 409,
					"column": 38
				},
				"end": {
					"line": 409,
					"column": 66
				}
			},
			"213": {
				"start": {
					"line": 409,
					"column": 42
				},
				"end": {
					"line": 409,
					"column": 48
				}
			},
			"214": {
				"start": {
					"line": 409,
					"column": 50
				},
				"end": {
					"line": 409,
					"column": 65
				}
			},
			"215": {
				"start": {
					"line": 410,
					"column": 12
				},
				"end": {
					"line": 410,
					"column": 77
				}
			},
			"216": {
				"start": {
					"line": 410,
					"column": 28
				},
				"end": {
					"line": 410,
					"column": 77
				}
			},
			"217": {
				"start": {
					"line": 410,
					"column": 31
				},
				"end": {
					"line": 410,
					"column": 55
				}
			},
			"218": {
				"start": {
					"line": 410,
					"column": 38
				},
				"end": {
					"line": 410,
					"column": 54
				}
			},
			"219": {
				"start": {
					"line": 410,
					"column": 57
				},
				"end": {
					"line": 410,
					"column": 76
				}
			},
			"220": {
				"start": {
					"line": 414,
					"column": 8
				},
				"end": {
					"line": 417,
					"column": 9
				}
			},
			"222": {
				"start": {
					"line": 415,
					"column": 12
				},
				"end": {
					"line": 415,
					"column": 96
				}
			},
			"223": {
				"start": {
					"line": 416,
					"column": 12
				},
				"end": {
					"line": 416,
					"column": 102
				}
			}
		},
		"modifiersStatementIds": [
			2
		],
		"path": "/Users/sbeta/Downloads/AZTEC-develop/packages/protocol/contracts/ACE/ACE.sol",
		"f": {
			"0": 94,
			"3": 129,
			"20": 6,
			"36": 91,
			"135": 492,
			"146": 93,
			"151": 3,
			"157": 83,
			"187": 154,
			"196": 3,
			"201": 1,
			"204": 92
		},
		"s": {
			"1": 94,
			"2": 94,
			"4": 129,
			"5": 16,
			"6": 16,
			"7": 16,
			"8": 12,
			"9": 12,
			"10": 12,
			"11": 10,
			"12": 12,
			"13": 75,
			"14": 10,
			"15": 10,
			"16": 10,
			"17": 10,
			"18": 12,
			"19": 12,
			"21": 6,
			"22": 6,
			"23": 6,
			"24": 6,
			"25": 4,
			"26": 4,
			"27": 4,
			"28": 2,
			"29": 2,
			"30": 2,
			"31": 2,
			"32": 2,
			"33": 2,
			"34": 2,
			"35": 0,
			"37": 91,
			"38": 91,
			"39": 89,
			"40": 89,
			"41": 89,
			"42": 89,
			"43": 89,
			"44": 89,
			"45": 89,
			"46": 89,
			"47": 89,
			"48": 89,
			"49": 89,
			"50": 89,
			"51": 89,
			"52": 89,
			"53": 89,
			"54": 89,
			"55": 89,
			"56": 89,
			"57": 89,
			"58": 89,
			"59": 89,
			"60": 89,
			"61": 89,
			"62": 89,
			"63": 89,
			"64": 89,
			"65": 89,
			"66": 89,
			"67": 89,
			"68": 89,
			"69": 89,
			"70": 89,
			"71": 89,
			"72": 89,
			"73": 89,
			"74": 89,
			"75": 89,
			"76": 89,
			"77": 89,
			"78": 89,
			"79": 89,
			"80": 89,
			"81": 89,
			"82": 89,
			"83": 89,
			"84": 89,
			"85": 89,
			"86": 89,
			"87": 89,
			"88": 89,
			"89": 89,
			"90": 89,
			"91": 89,
			"92": 89,
			"93": 89,
			"94": 89,
			"95": 89,
			"96": 89,
			"97": 89,
			"98": 89,
			"99": 89,
			"100": 89,
			"101": 89,
			"102": 89,
			"103": 89,
			"104": 89,
			"105": 89,
			"106": 89,
			"107": 89,
			"108": 89,
			"109": 89,
			"110": 8,
			"111": 8,
			"112": 8,
			"113": 81,
			"114": 81,
			"115": 81,
			"116": 81,
			"117": 81,
			"118": 0,
			"119": 81,
			"120": 81,
			"121": 81,
			"122": 0,
			"123": 81,
			"124": 0,
			"125": 81,
			"127": 62,
			"128": 62,
			"129": 62,
			"130": 62,
			"131": 62,
			"132": 62,
			"133": 62,
			"134": 81,
			"136": 492,
			"137": 5,
			"138": 74,
			"139": 0,
			"140": 1,
			"141": 5,
			"142": 5,
			"143": 3,
			"144": 3,
			"145": 1,
			"147": 93,
			"148": 93,
			"149": 91,
			"150": 91,
			"152": 3,
			"153": 3,
			"154": 1,
			"155": 1,
			"156": 1,
			"158": 83,
			"159": 0,
			"160": 0,
			"161": 83,
			"162": 83,
			"163": 83,
			"164": 83,
			"165": 83,
			"166": 83,
			"167": 0,
			"168": 83,
			"169": 83,
			"170": 83,
			"171": 0,
			"172": 83,
			"173": 83,
			"174": 83,
			"175": 83,
			"176": 0,
			"177": 83,
			"178": 0,
			"179": 83,
			"180": 0,
			"181": 83,
			"182": 83,
			"183": 83,
			"184": 0,
			"185": 83,
			"186": 82,
			"188": 154,
			"189": 154,
			"190": 152,
			"191": 150,
			"192": 150,
			"193": 148,
			"194": 146,
			"195": 146,
			"197": 3,
			"198": 3,
			"199": 1,
			"200": 1,
			"202": 1,
			"203": 1,
			"205": 92,
			"206": 0,
			"207": 0,
			"208": 92,
			"209": 92,
			"210": 92,
			"211": 92,
			"212": 92,
			"213": 0,
			"214": 92,
			"215": 92,
			"216": 92,
			"217": 92,
			"218": 0,
			"219": 0,
			"220": 92,
			"222": 1,
			"223": 91
		},
		"b": {
			"126": [
				62,
				81
			],
			"221": [
				92,
				92
			]
		},
		"l": {
			"60": 94,
			"73": 129,
			"79": 16,
			"80": 16,
			"81": 16,
			"84": 12,
			"86": 12,
			"88": 12,
			"89": 10,
			"92": 12,
			"98": 75,
			"100": 10,
			"101": 10,
			"102": 10,
			"105": 10,
			"110": 12,
			"111": 12,
			"125": 6,
			"131": 6,
			"132": 6,
			"133": 6,
			"136": 4,
			"138": 4,
			"140": 4,
			"143": 2,
			"148": 2,
			"149": 2,
			"150": 2,
			"151": 2,
			"154": 2,
			"159": 2,
			"160": 0,
			"179": 91,
			"180": 91,
			"183": 89,
			"184": 89,
			"185": 89,
			"187": 89,
			"190": 89,
			"191": 89,
			"192": 89,
			"193": 89,
			"194": 89,
			"195": 89,
			"196": 89,
			"197": 89,
			"198": 89,
			"201": 89,
			"203": 89,
			"205": 89,
			"207": 89,
			"208": 89,
			"209": 8,
			"210": 8,
			"214": 81,
			"216": 81,
			"218": 81,
			"222": 81,
			"223": 62,
			"224": 62,
			"225": 62,
			"226": 62,
			"227": 62,
			"230": 81,
			"245": 492,
			"246": 5,
			"247": 74,
			"248": 5,
			"249": 5,
			"250": 3,
			"251": 3,
			"252": 1,
			"261": 93,
			"262": 93,
			"263": 91,
			"264": 91,
			"271": 3,
			"272": 3,
			"273": 1,
			"274": 1,
			"275": 1,
			"287": 83,
			"298": 0,
			"299": 0,
			"300": 83,
			"329": 83,
			"330": 83,
			"331": 83,
			"333": 83,
			"335": 83,
			"340": 83,
			"341": 83,
			"342": 83,
			"343": 83,
			"344": 83,
			"345": 83,
			"347": 83,
			"348": 82,
			"357": 154,
			"361": 154,
			"362": 152,
			"363": 150,
			"364": 150,
			"365": 148,
			"366": 146,
			"367": 146,
			"373": 3,
			"374": 3,
			"375": 1,
			"376": 1,
			"384": 1,
			"385": 1,
			"388": 92,
			"389": 0,
			"390": 0,
			"391": 92,
			"409": 92,
			"410": 92,
			"414": 92,
			"415": 1,
			"416": 91
		}
	},
	"/Users/sbeta/Downloads/AZTEC-develop/packages/protocol/contracts/ACE/NoteRegistry.sol": {
		"fnMap": {
			"0": {
				"name": "supplementTokens",
				"line": 81,
				"loc": {
					"start": {
						"line": 81,
						"column": 4
					},
					"end": {
						"line": 92,
						"column": 5
					}
				}
			},
			"8": {
				"name": "validateProofByHash",
				"line": 103,
				"loc": {
					"start": {
						"line": 103,
						"column": 4
					},
					"end": {
						"line": 103,
						"column": 112
					}
				}
			},
			"10": {
				"name": "createNoteRegistry",
				"line": 105,
				"loc": {
					"start": {
						"line": 105,
						"column": 4
					},
					"end": {
						"line": 129,
						"column": 5
					}
				}
			},
			"18": {
				"name": "updateNoteRegistry",
				"line": 139,
				"loc": {
					"start": {
						"line": 139,
						"column": 4
					},
					"end": {
						"line": 188,
						"column": 5
					}
				}
			},
			"41": {
				"name": "publicApprove",
				"line": 193,
				"loc": {
					"start": {
						"line": 193,
						"column": 4
					},
					"end": {
						"line": 197,
						"column": 5
					}
				}
			},
			"46": {
				"name": "getRegistry",
				"line": 213,
				"loc": {
					"start": {
						"line": 213,
						"column": 4
					},
					"end": {
						"line": 233,
						"column": 5
					}
				}
			},
			"51": {
				"name": "getNote",
				"line": 246,
				"loc": {
					"start": {
						"line": 246,
						"column": 4
					},
					"end": {
						"line": 266,
						"column": 5
					}
				}
			},
			"75": {
				"name": "updateInputNotes",
				"line": 274,
				"loc": {
					"start": {
						"line": 274,
						"column": 4
					},
					"end": {
						"line": 339,
						"column": 5
					}
				}
			},
			"112": {
				"name": "updateOutputNotes",
				"line": 347,
				"loc": {
					"start": {
						"line": 347,
						"column": 4
					},
					"end": {
						"line": 384,
						"column": 5
					}
				}
			}
		},
		"branchMap": {
			"14": {
				"line": 112,
				"type": "if",
				"locations": [
					{
						"start": {
							"line": 112,
							"column": 25
						},
						"end": {
							"line": 114,
							"column": 9
						}
					},
					{
						"start": {
							"line": 112,
							"column": 8
						},
						"end": {
							"line": 114,
							"column": 9
						}
					}
				]
			},
			"30": {
				"line": 167,
				"type": "if",
				"locations": [
					{
						"start": {
							"line": 167,
							"column": 30
						},
						"end": {
							"line": 187,
							"column": 9
						}
					},
					{
						"start": {
							"line": 167,
							"column": 8
						},
						"end": {
							"line": 187,
							"column": 9
						}
					}
				]
			},
			"33": {
				"line": 170,
				"type": "if",
				"locations": [
					{
						"start": {
							"line": 170,
							"column": 33
						},
						"end": {
							"line": 183,
							"column": 13
						}
					},
					{
						"start": {
							"line": 183,
							"column": 19
						},
						"end": {
							"line": 186,
							"column": 13
						}
					}
				]
			}
		},
		"statementMap": {
			"1": {
				"start": {
					"line": 81,
					"column": 4
				},
				"end": {
					"line": 92,
					"column": 5
				}
			},
			"2": {
				"start": {
					"line": 82,
					"column": 8
				},
				"end": {
					"line": 82,
					"column": 59
				}
			},
			"3": {
				"start": {
					"line": 83,
					"column": 8
				},
				"end": {
					"line": 83,
					"column": 100
				}
			},
			"4": {
				"start": {
					"line": 84,
					"column": 8
				},
				"end": {
					"line": 84,
					"column": 99
				}
			},
			"5": {
				"start": {
					"line": 87,
					"column": 8
				},
				"end": {
					"line": 87,
					"column": 107
				}
			},
			"6": {
				"start": {
					"line": 89,
					"column": 8
				},
				"end": {
					"line": 89,
					"column": 104
				}
			},
			"7": {
				"start": {
					"line": 91,
					"column": 8
				},
				"end": {
					"line": 91,
					"column": 63
				}
			},
			"9": {
				"start": {
					"line": 103,
					"column": 4
				},
				"end": {
					"line": 103,
					"column": 112
				}
			},
			"11": {
				"start": {
					"line": 105,
					"column": 4
				},
				"end": {
					"line": 129,
					"column": 5
				}
			},
			"12": {
				"start": {
					"line": 111,
					"column": 8
				},
				"end": {
					"line": 111,
					"column": 107
				}
			},
			"13": {
				"start": {
					"line": 112,
					"column": 8
				},
				"end": {
					"line": 114,
					"column": 9
				}
			},
			"15": {
				"start": {
					"line": 113,
					"column": 12
				},
				"end": {
					"line": 113,
					"column": 102
				}
			},
			"16": {
				"start": {
					"line": 115,
					"column": 8
				},
				"end": {
					"line": 127,
					"column": 11
				}
			},
			"17": {
				"start": {
					"line": 128,
					"column": 8
				},
				"end": {
					"line": 128,
					"column": 41
				}
			},
			"19": {
				"start": {
					"line": 139,
					"column": 4
				},
				"end": {
					"line": 188,
					"column": 5
				}
			},
			"20": {
				"start": {
					"line": 144,
					"column": 8
				},
				"end": {
					"line": 144,
					"column": 59
				}
			},
			"21": {
				"start": {
					"line": 145,
					"column": 8
				},
				"end": {
					"line": 145,
					"column": 44
				}
			},
			"22": {
				"start": {
					"line": 146,
					"column": 8
				},
				"end": {
					"line": 146,
					"column": 91
				}
			},
			"23": {
				"start": {
					"line": 147,
					"column": 8
				},
				"end": {
					"line": 147,
					"column": 52
				}
			},
			"24": {
				"start": {
					"line": 148,
					"column": 8
				},
				"end": {
					"line": 151,
					"column": 9
				}
			},
			"25": {
				"start": {
					"line": 154,
					"column": 8
				},
				"end": {
					"line": 154,
					"column": 42
				}
			},
			"26": {
				"start": {
					"line": 156,
					"column": 8
				},
				"end": {
					"line": 159,
					"column": 64
				}
			},
			"27": {
				"start": {
					"line": 161,
					"column": 8
				},
				"end": {
					"line": 161,
					"column": 36
				}
			},
			"28": {
				"start": {
					"line": 162,
					"column": 8
				},
				"end": {
					"line": 162,
					"column": 38
				}
			},
			"29": {
				"start": {
					"line": 167,
					"column": 8
				},
				"end": {
					"line": 187,
					"column": 9
				}
			},
			"31": {
				"start": {
					"line": 168,
					"column": 12
				},
				"end": {
					"line": 168,
					"column": 93
				}
			},
			"32": {
				"start": {
					"line": 170,
					"column": 12
				},
				"end": {
					"line": 186,
					"column": 13
				}
			},
			"34": {
				"start": {
					"line": 171,
					"column": 16
				},
				"end": {
					"line": 171,
					"column": 91
				}
			},
			"35": {
				"start": {
					"line": 172,
					"column": 16
				},
				"end": {
					"line": 172,
					"column": 86
				}
			},
			"36": {
				"start": {
					"line": 173,
					"column": 16
				},
				"end": {
					"line": 176,
					"column": 17
				}
			},
			"37": {
				"start": {
					"line": 178,
					"column": 16
				},
				"end": {
					"line": 178,
					"column": 109
				}
			},
			"38": {
				"start": {
					"line": 179,
					"column": 16
				},
				"end": {
					"line": 182,
					"column": 70
				}
			},
			"39": {
				"start": {
					"line": 184,
					"column": 16
				},
				"end": {
					"line": 184,
					"column": 85
				}
			},
			"40": {
				"start": {
					"line": 185,
					"column": 16
				},
				"end": {
					"line": 185,
					"column": 108
				}
			},
			"42": {
				"start": {
					"line": 193,
					"column": 4
				},
				"end": {
					"line": 197,
					"column": 5
				}
			},
			"43": {
				"start": {
					"line": 194,
					"column": 8
				},
				"end": {
					"line": 194,
					"column": 63
				}
			},
			"44": {
				"start": {
					"line": 195,
					"column": 8
				},
				"end": {
					"line": 195,
					"column": 78
				}
			},
			"45": {
				"start": {
					"line": 196,
					"column": 8
				},
				"end": {
					"line": 196,
					"column": 65
				}
			},
			"47": {
				"start": {
					"line": 213,
					"column": 4
				},
				"end": {
					"line": 233,
					"column": 5
				}
			},
			"48": {
				"start": {
					"line": 222,
					"column": 8
				},
				"end": {
					"line": 222,
					"column": 91
				}
			},
			"49": {
				"start": {
					"line": 223,
					"column": 8
				},
				"end": {
					"line": 223,
					"column": 54
				}
			},
			"50": {
				"start": {
					"line": 224,
					"column": 8
				},
				"end": {
					"line": 232,
					"column": 10
				}
			},
			"52": {
				"start": {
					"line": 246,
					"column": 4
				},
				"end": {
					"line": 266,
					"column": 5
				}
			},
			"53": {
				"start": {
					"line": 252,
					"column": 8
				},
				"end": {
					"line": 255,
					"column": 9
				}
			},
			"54": {
				"start": {
					"line": 258,
					"column": 8
				},
				"end": {
					"line": 258,
					"column": 75
				}
			},
			"55": {
				"start": {
					"line": 259,
					"column": 8
				},
				"end": {
					"line": 265,
					"column": 9
				}
			},
			"56": {
				"start": {
					"line": 259,
					"column": 17
				},
				"end": {
					"line": 265,
					"column": 9
				}
			},
			"57": {
				"start": {
					"line": 260,
					"column": 12
				},
				"end": {
					"line": 260,
					"column": 43
				}
			},
			"58": {
				"start": {
					"line": 260,
					"column": 24
				},
				"end": {
					"line": 260,
					"column": 43
				}
			},
			"59": {
				"start": {
					"line": 260,
					"column": 30
				},
				"end": {
					"line": 260,
					"column": 42
				}
			},
			"60": {
				"start": {
					"line": 261,
					"column": 12
				},
				"end": {
					"line": 261,
					"column": 37
				}
			},
			"61": {
				"start": {
					"line": 261,
					"column": 22
				},
				"end": {
					"line": 261,
					"column": 37
				}
			},
			"62": {
				"start": {
					"line": 261,
					"column": 26
				},
				"end": {
					"line": 261,
					"column": 30
				}
			},
			"63": {
				"start": {
					"line": 262,
					"column": 12
				},
				"end": {
					"line": 262,
					"column": 56
				}
			},
			"64": {
				"start": {
					"line": 262,
					"column": 25
				},
				"end": {
					"line": 262,
					"column": 56
				}
			},
			"65": {
				"start": {
					"line": 262,
					"column": 29
				},
				"end": {
					"line": 262,
					"column": 41
				}
			},
			"66": {
				"start": {
					"line": 262,
					"column": 36
				},
				"end": {
					"line": 262,
					"column": 40
				}
			},
			"67": {
				"start": {
					"line": 263,
					"column": 12
				},
				"end": {
					"line": 263,
					"column": 59
				}
			},
			"68": {
				"start": {
					"line": 263,
					"column": 27
				},
				"end": {
					"line": 263,
					"column": 59
				}
			},
			"69": {
				"start": {
					"line": 263,
					"column": 31
				},
				"end": {
					"line": 263,
					"column": 44
				}
			},
			"70": {
				"start": {
					"line": 263,
					"column": 39
				},
				"end": {
					"line": 263,
					"column": 43
				}
			},
			"71": {
				"start": {
					"line": 264,
					"column": 12
				},
				"end": {
					"line": 264,
					"column": 87
				}
			},
			"72": {
				"start": {
					"line": 264,
					"column": 25
				},
				"end": {
					"line": 264,
					"column": 87
				}
			},
			"73": {
				"start": {
					"line": 264,
					"column": 29
				},
				"end": {
					"line": 264,
					"column": 42
				}
			},
			"74": {
				"start": {
					"line": 264,
					"column": 37
				},
				"end": {
					"line": 264,
					"column": 41
				}
			},
			"76": {
				"start": {
					"line": 274,
					"column": 4
				},
				"end": {
					"line": 339,
					"column": 5
				}
			},
			"77": {
				"start": {
					"line": 281,
					"column": 8
				},
				"end": {
					"line": 281,
					"column": 63
				}
			},
			"78": {
				"start": {
					"line": 282,
					"column": 8
				},
				"end": {
					"line": 282,
					"column": 35
				}
			},
			"79": {
				"start": {
					"line": 283,
					"column": 8
				},
				"end": {
					"line": 283,
					"column": 31
				}
			},
			"80": {
				"start": {
					"line": 291,
					"column": 8
				},
				"end": {
					"line": 291,
					"column": 48
				}
			},
			"81": {
				"start": {
					"line": 292,
					"column": 8
				},
				"end": {
					"line": 338,
					"column": 9
				}
			},
			"82": {
				"start": {
					"line": 292,
					"column": 13
				},
				"end": {
					"line": 292,
					"column": 27
				}
			},
			"83": {
				"start": {
					"line": 292,
					"column": 40
				},
				"end": {
					"line": 292,
					"column": 46
				}
			},
			"84": {
				"start": {
					"line": 293,
					"column": 12
				},
				"end": {
					"line": 293,
					"column": 85
				}
			},
			"85": {
				"start": {
					"line": 297,
					"column": 12
				},
				"end": {
					"line": 297,
					"column": 79
				}
			},
			"86": {
				"start": {
					"line": 301,
					"column": 12
				},
				"end": {
					"line": 333,
					"column": 13
				}
			},
			"87": {
				"start": {
					"line": 301,
					"column": 21
				},
				"end": {
					"line": 333,
					"column": 13
				}
			},
			"88": {
				"start": {
					"line": 303,
					"column": 16
				},
				"end": {
					"line": 303,
					"column": 52
				}
			},
			"89": {
				"start": {
					"line": 303,
					"column": 28
				},
				"end": {
					"line": 303,
					"column": 52
				}
			},
			"90": {
				"start": {
					"line": 303,
					"column": 34
				},
				"end": {
					"line": 303,
					"column": 51
				}
			},
			"91": {
				"start": {
					"line": 306,
					"column": 16
				},
				"end": {
					"line": 306,
					"column": 53
				}
			},
			"92": {
				"start": {
					"line": 306,
					"column": 38
				},
				"end": {
					"line": 306,
					"column": 53
				}
			},
			"93": {
				"start": {
					"line": 306,
					"column": 42
				},
				"end": {
					"line": 306,
					"column": 46
				}
			},
			"94": {
				"start": {
					"line": 309,
					"column": 16
				},
				"end": {
					"line": 309,
					"column": 96
				}
			},
			"95": {
				"start": {
					"line": 309,
					"column": 34
				},
				"end": {
					"line": 309,
					"column": 96
				}
			},
			"96": {
				"start": {
					"line": 309,
					"column": 38
				},
				"end": {
					"line": 309,
					"column": 51
				}
			},
			"97": {
				"start": {
					"line": 309,
					"column": 46
				},
				"end": {
					"line": 309,
					"column": 50
				}
			},
			"98": {
				"start": {
					"line": 313,
					"column": 16
				},
				"end": {
					"line": 332,
					"column": 17
				}
			},
			"99": {
				"start": {
					"line": 314,
					"column": 20
				},
				"end": {
					"line": 314,
					"column": 37
				}
			},
			"100": {
				"start": {
					"line": 315,
					"column": 20
				},
				"end": {
					"line": 331,
					"column": 21
				}
			},
			"101": {
				"start": {
					"line": 320,
					"column": 24
				},
				"end": {
					"line": 323,
					"column": 25
				}
			},
			"102": {
				"start": {
					"line": 321,
					"column": 28
				},
				"end": {
					"line": 321,
					"column": 32
				}
			},
			"103": {
				"start": {
					"line": 322,
					"column": 28
				},
				"end": {
					"line": 322,
					"column": 57
				}
			},
			"104": {
				"start": {
					"line": 325,
					"column": 24
				},
				"end": {
					"line": 330,
					"column": 25
				}
			},
			"105": {
				"start": {
					"line": 327,
					"column": 28
				},
				"end": {
					"line": 327,
					"column": 65
				}
			},
			"106": {
				"start": {
					"line": 327,
					"column": 36
				},
				"end": {
					"line": 327,
					"column": 64
				}
			},
			"107": {
				"start": {
					"line": 327,
					"column": 40
				},
				"end": {
					"line": 327,
					"column": 49
				}
			},
			"108": {
				"start": {
					"line": 329,
					"column": 28
				},
				"end": {
					"line": 329,
					"column": 57
				}
			},
			"109": {
				"start": {
					"line": 329,
					"column": 32
				},
				"end": {
					"line": 329,
					"column": 50
				}
			},
			"110": {
				"start": {
					"line": 335,
					"column": 12
				},
				"end": {
					"line": 335,
					"column": 106
				}
			},
			"111": {
				"start": {
					"line": 337,
					"column": 12
				},
				"end": {
					"line": 337,
					"column": 83
				}
			},
			"113": {
				"start": {
					"line": 347,
					"column": 4
				},
				"end": {
					"line": 384,
					"column": 5
				}
			},
			"114": {
				"start": {
					"line": 349,
					"column": 8
				},
				"end": {
					"line": 349,
					"column": 66
				}
			},
			"115": {
				"start": {
					"line": 350,
					"column": 8
				},
				"end": {
					"line": 350,
					"column": 36
				}
			},
			"116": {
				"start": {
					"line": 351,
					"column": 8
				},
				"end": {
					"line": 351,
					"column": 49
				}
			},
			"117": {
				"start": {
					"line": 353,
					"column": 8
				},
				"end": {
					"line": 383,
					"column": 9
				}
			},
			"118": {
				"start": {
					"line": 353,
					"column": 13
				},
				"end": {
					"line": 353,
					"column": 27
				}
			},
			"119": {
				"start": {
					"line": 353,
					"column": 40
				},
				"end": {
					"line": 353,
					"column": 46
				}
			},
			"120": {
				"start": {
					"line": 354,
					"column": 12
				},
				"end": {
					"line": 354,
					"column": 86
				}
			},
			"121": {
				"start": {
					"line": 355,
					"column": 12
				},
				"end": {
					"line": 355,
					"column": 90
				}
			},
			"122": {
				"start": {
					"line": 359,
					"column": 12
				},
				"end": {
					"line": 359,
					"column": 80
				}
			},
			"123": {
				"start": {
					"line": 362,
					"column": 12
				},
				"end": {
					"line": 381,
					"column": 13
				}
			},
			"124": {
				"start": {
					"line": 362,
					"column": 21
				},
				"end": {
					"line": 381,
					"column": 13
				}
			},
			"125": {
				"start": {
					"line": 364,
					"column": 16
				},
				"end": {
					"line": 364,
					"column": 75
				}
			},
			"126": {
				"start": {
					"line": 364,
					"column": 39
				},
				"end": {
					"line": 364,
					"column": 75
				}
			},
			"127": {
				"start": {
					"line": 364,
					"column": 43
				},
				"end": {
					"line": 364,
					"column": 68
				}
			},
			"128": {
				"start": {
					"line": 364,
					"column": 49
				},
				"end": {
					"line": 364,
					"column": 67
				}
			},
			"129": {
				"start": {
					"line": 367,
					"column": 16
				},
				"end": {
					"line": 380,
					"column": 17
				}
			},
			"130": {
				"start": {
					"line": 368,
					"column": 20
				},
				"end": {
					"line": 368,
					"column": 38
				}
			},
			"131": {
				"start": {
					"line": 370,
					"column": 20
				},
				"end": {
					"line": 379,
					"column": 21
				}
			},
			"132": {
				"start": {
					"line": 371,
					"column": 24
				},
				"end": {
					"line": 376,
					"column": 25
				}
			},
			"133": {
				"start": {
					"line": 373,
					"column": 28
				},
				"end": {
					"line": 373,
					"column": 58
				}
			},
			"134": {
				"start": {
					"line": 373,
					"column": 32
				},
				"end": {
					"line": 373,
					"column": 51
				}
			},
			"135": {
				"start": {
					"line": 375,
					"column": 28
				},
				"end": {
					"line": 375,
					"column": 64
				}
			},
			"136": {
				"start": {
					"line": 375,
					"column": 35
				},
				"end": {
					"line": 375,
					"column": 63
				}
			},
			"137": {
				"start": {
					"line": 375,
					"column": 39
				},
				"end": {
					"line": 375,
					"column": 48
				}
			},
			"138": {
				"start": {
					"line": 378,
					"column": 24
				},
				"end": {
					"line": 378,
					"column": 42
				}
			},
			"139": {
				"start": {
					"line": 378,
					"column": 32
				},
				"end": {
					"line": 378,
					"column": 41
				}
			},
			"140": {
				"start": {
					"line": 382,
					"column": 12
				},
				"end": {
					"line": 382,
					"column": 100
				}
			}
		},
		"modifiersStatementIds": [],
		"path": "/Users/sbeta/Downloads/AZTEC-develop/packages/protocol/contracts/ACE/NoteRegistry.sol",
		"f": {
			"0": 1,
			"8": 0,
			"10": 79,
			"18": 79,
			"41": 106,
			"46": 3,
			"51": 25,
			"75": 65,
			"112": 71
		},
		"s": {
			"1": 1,
			"2": 1,
			"3": 1,
			"4": 1,
			"5": 1,
			"6": 1,
			"7": 1,
			"9": 0,
			"11": 79,
			"12": 79,
			"13": 77,
			"15": 77,
			"16": 75,
			"17": 75,
			"19": 79,
			"20": 79,
			"21": 79,
			"22": 79,
			"23": 77,
			"24": 77,
			"25": 63,
			"26": 63,
			"27": 63,
			"28": 61,
			"29": 59,
			"31": 56,
			"32": 55,
			"34": 39,
			"35": 39,
			"36": 39,
			"37": 35,
			"38": 35,
			"39": 13,
			"40": 7,
			"42": 106,
			"43": 106,
			"44": 106,
			"45": 104,
			"47": 3,
			"48": 3,
			"49": 2,
			"50": 2,
			"52": 25,
			"53": 25,
			"54": 22,
			"55": 22,
			"56": 22,
			"57": 22,
			"58": 22,
			"59": 0,
			"60": 22,
			"61": 22,
			"62": 0,
			"63": 22,
			"64": 22,
			"65": 22,
			"66": 0,
			"67": 22,
			"68": 22,
			"69": 22,
			"70": 0,
			"71": 22,
			"72": 22,
			"73": 22,
			"74": 0,
			"76": 65,
			"77": 65,
			"78": 0,
			"79": 0,
			"80": 65,
			"81": 65,
			"82": 65,
			"83": 27,
			"84": 29,
			"85": 29,
			"86": 29,
			"87": 29,
			"88": 29,
			"89": 29,
			"90": 0,
			"91": 29,
			"92": 29,
			"93": 0,
			"94": 29,
			"95": 29,
			"96": 29,
			"97": 0,
			"98": 29,
			"99": 0,
			"100": 29,
			"101": 29,
			"102": 0,
			"103": 0,
			"104": 29,
			"105": 29,
			"106": 29,
			"107": 29,
			"108": 29,
			"109": 0,
			"110": 29,
			"111": 27,
			"113": 71,
			"114": 71,
			"115": 0,
			"116": 71,
			"117": 71,
			"118": 71,
			"119": 60,
			"120": 62,
			"121": 62,
			"122": 62,
			"123": 62,
			"124": 62,
			"125": 62,
			"126": 62,
			"127": 62,
			"128": 0,
			"129": 62,
			"130": 0,
			"131": 62,
			"132": 62,
			"133": 62,
			"134": 0,
			"135": 62,
			"136": 62,
			"137": 62,
			"138": 62,
			"139": 0,
			"140": 62
		},
		"b": {
			"14": [
				77,
				77
			],
			"30": [
				59,
				59
			],
			"33": [
				39,
				13
			]
		},
		"l": {
			"81": 1,
			"82": 1,
			"83": 1,
			"84": 1,
			"87": 1,
			"89": 1,
			"91": 1,
			"103": 0,
			"105": 79,
			"111": 79,
			"112": 77,
			"113": 77,
			"115": 75,
			"128": 75,
			"139": 79,
			"144": 79,
			"145": 79,
			"146": 79,
			"147": 77,
			"148": 77,
			"154": 63,
			"156": 63,
			"161": 63,
			"162": 61,
			"167": 59,
			"168": 56,
			"170": 55,
			"171": 39,
			"172": 39,
			"173": 39,
			"178": 35,
			"179": 35,
			"184": 13,
			"185": 7,
			"193": 106,
			"194": 106,
			"195": 106,
			"196": 104,
			"213": 3,
			"222": 3,
			"223": 2,
			"224": 2,
			"246": 25,
			"252": 25,
			"258": 22,
			"259": 22,
			"260": 22,
			"261": 22,
			"262": 22,
			"263": 22,
			"264": 22,
			"274": 65,
			"281": 65,
			"282": 0,
			"283": 0,
			"291": 65,
			"292": 65,
			"293": 29,
			"297": 29,
			"301": 29,
			"303": 29,
			"306": 29,
			"309": 29,
			"313": 29,
			"314": 0,
			"315": 29,
			"320": 29,
			"321": 0,
			"322": 0,
			"325": 29,
			"327": 29,
			"329": 29,
			"335": 29,
			"337": 27,
			"347": 71,
			"349": 71,
			"350": 0,
			"351": 71,
			"353": 71,
			"354": 62,
			"355": 62,
			"359": 62,
			"362": 62,
			"364": 62,
			"367": 62,
			"368": 0,
			"370": 62,
			"371": 62,
			"373": 62,
			"375": 62,
			"378": 62,
			"382": 62
		}
	},
	"/Users/sbeta/Downloads/AZTEC-develop/packages/protocol/contracts/libs/NoteUtils.sol": {
		"fnMap": {
			"0": {
				"name": "getLength",
				"line": 18,
				"loc": {
					"start": {
						"line": 18,
						"column": 4
					},
					"end": {
						"line": 26,
						"column": 5
					}
				}
			},
			"8": {
				"name": "get",
				"line": 34,
				"loc": {
					"start": {
						"line": 34,
						"column": 4
					},
					"end": {
						"line": 62,
						"column": 5
					}
				}
			},
			"29": {
				"name": "extractProofOutput",
				"line": 74,
				"loc": {
					"start": {
						"line": 74,
						"column": 4
					},
					"end": {
						"line": 96,
						"column": 5
					}
				}
			},
			"54": {
				"name": "extractChallenge",
				"line": 103,
				"loc": {
					"start": {
						"line": 103,
						"column": 4
					},
					"end": {
						"line": 109,
						"column": 5
					}
				}
			},
			"62": {
				"name": "extractNote",
				"line": 118,
				"loc": {
					"start": {
						"line": 118,
						"column": 4
					},
					"end": {
						"line": 137,
						"column": 5
					}
				}
			},
			"78": {
				"name": "getNoteType",
				"line": 144,
				"loc": {
					"start": {
						"line": 144,
						"column": 4
					},
					"end": {
						"line": 150,
						"column": 5
					}
				}
			}
		},
		"branchMap": {},
		"statementMap": {
			"1": {
				"start": {
					"line": 18,
					"column": 4
				},
				"end": {
					"line": 26,
					"column": 5
				}
			},
			"2": {
				"start": {
					"line": 21,
					"column": 8
				},
				"end": {
					"line": 25,
					"column": 9
				}
			},
			"3": {
				"start": {
					"line": 21,
					"column": 17
				},
				"end": {
					"line": 25,
					"column": 9
				}
			},
			"4": {
				"start": {
					"line": 24,
					"column": 12
				},
				"end": {
					"line": 24,
					"column": 57
				}
			},
			"5": {
				"start": {
					"line": 24,
					"column": 19
				},
				"end": {
					"line": 24,
					"column": 57
				}
			},
			"6": {
				"start": {
					"line": 24,
					"column": 25
				},
				"end": {
					"line": 24,
					"column": 56
				}
			},
			"7": {
				"start": {
					"line": 24,
					"column": 29
				},
				"end": {
					"line": 24,
					"column": 49
				}
			},
			"9": {
				"start": {
					"line": 34,
					"column": 4
				},
				"end": {
					"line": 62,
					"column": 5
				}
			},
			"10": {
				"start": {
					"line": 37,
					"column": 8
				},
				"end": {
					"line": 37,
					"column": 19
				}
			},
			"11": {
				"start": {
					"line": 38,
					"column": 8
				},
				"end": {
					"line": 60,
					"column": 9
				}
			},
			"12": {
				"start": {
					"line": 38,
					"column": 17
				},
				"end": {
					"line": 60,
					"column": 9
				}
			},
			"13": {
				"start": {
					"line": 40,
					"column": 12
				},
				"end": {
					"line": 43,
					"column": 13
				}
			},
			"14": {
				"start": {
					"line": 40,
					"column": 21
				},
				"end": {
					"line": 43,
					"column": 13
				}
			},
			"15": {
				"start": {
					"line": 41,
					"column": 16
				},
				"end": {
					"line": 41,
					"column": 18
				}
			},
			"16": {
				"start": {
					"line": 42,
					"column": 16
				},
				"end": {
					"line": 42,
					"column": 54
				}
			},
			"17": {
				"start": {
					"line": 42,
					"column": 22
				},
				"end": {
					"line": 42,
					"column": 53
				}
			},
			"18": {
				"start": {
					"line": 42,
					"column": 26
				},
				"end": {
					"line": 42,
					"column": 46
				}
			},
			"19": {
				"start": {
					"line": 51,
					"column": 12
				},
				"end": {
					"line": 59,
					"column": 13
				}
			},
			"20": {
				"start": {
					"line": 51,
					"column": 19
				},
				"end": {
					"line": 59,
					"column": 13
				}
			},
			"21": {
				"start": {
					"line": 52,
					"column": 16
				},
				"end": {
					"line": 57,
					"column": 17
				}
			},
			"22": {
				"start": {
					"line": 53,
					"column": 20
				},
				"end": {
					"line": 56,
					"column": 21
				}
			},
			"23": {
				"start": {
					"line": 54,
					"column": 24
				},
				"end": {
					"line": 54,
					"column": 55
				}
			},
			"24": {
				"start": {
					"line": 54,
					"column": 28
				},
				"end": {
					"line": 54,
					"column": 48
				}
			},
			"25": {
				"start": {
					"line": 55,
					"column": 24
				},
				"end": {
					"line": 55,
					"column": 37
				}
			},
			"26": {
				"start": {
					"line": 55,
					"column": 28
				},
				"end": {
					"line": 55,
					"column": 30
				}
			},
			"27": {
				"start": {
					"line": 58,
					"column": 16
				},
				"end": {
					"line": 58,
					"column": 36
				}
			},
			"28": {
				"start": {
					"line": 61,
					"column": 8
				},
				"end": {
					"line": 61,
					"column": 60
				}
			},
			"30": {
				"start": {
					"line": 74,
					"column": 4
				},
				"end": {
					"line": 96,
					"column": 5
				}
			},
			"31": {
				"start": {
					"line": 80,
					"column": 8
				},
				"end": {
					"line": 95,
					"column": 9
				}
			},
			"32": {
				"start": {
					"line": 80,
					"column": 17
				},
				"end": {
					"line": 95,
					"column": 9
				}
			},
			"33": {
				"start": {
					"line": 88,
					"column": 12
				},
				"end": {
					"line": 88,
					"column": 75
				}
			},
			"34": {
				"start": {
					"line": 88,
					"column": 26
				},
				"end": {
					"line": 88,
					"column": 75
				}
			},
			"35": {
				"start": {
					"line": 88,
					"column": 30
				},
				"end": {
					"line": 88,
					"column": 42
				}
			},
			"36": {
				"start": {
					"line": 88,
					"column": 44
				},
				"end": {
					"line": 88,
					"column": 74
				}
			},
			"37": {
				"start": {
					"line": 88,
					"column": 50
				},
				"end": {
					"line": 88,
					"column": 73
				}
			},
			"38": {
				"start": {
					"line": 88,
					"column": 54
				},
				"end": {
					"line": 88,
					"column": 66
				}
			},
			"39": {
				"start": {
					"line": 89,
					"column": 12
				},
				"end": {
					"line": 89,
					"column": 76
				}
			},
			"40": {
				"start": {
					"line": 89,
					"column": 27
				},
				"end": {
					"line": 89,
					"column": 76
				}
			},
			"41": {
				"start": {
					"line": 89,
					"column": 31
				},
				"end": {
					"line": 89,
					"column": 43
				}
			},
			"42": {
				"start": {
					"line": 89,
					"column": 45
				},
				"end": {
					"line": 89,
					"column": 75
				}
			},
			"43": {
				"start": {
					"line": 89,
					"column": 51
				},
				"end": {
					"line": 89,
					"column": 74
				}
			},
			"44": {
				"start": {
					"line": 89,
					"column": 55
				},
				"end": {
					"line": 89,
					"column": 67
				}
			},
			"45": {
				"start": {
					"line": 90,
					"column": 12
				},
				"end": {
					"line": 93,
					"column": 13
				}
			},
			"46": {
				"start": {
					"line": 90,
					"column": 27
				},
				"end": {
					"line": 93,
					"column": 13
				}
			},
			"47": {
				"start": {
					"line": 91,
					"column": 16
				},
				"end": {
					"line": 91,
					"column": 46
				}
			},
			"48": {
				"start": {
					"line": 91,
					"column": 22
				},
				"end": {
					"line": 91,
					"column": 45
				}
			},
			"49": {
				"start": {
					"line": 91,
					"column": 26
				},
				"end": {
					"line": 91,
					"column": 38
				}
			},
			"50": {
				"start": {
					"line": 94,
					"column": 12
				},
				"end": {
					"line": 94,
					"column": 57
				}
			},
			"51": {
				"start": {
					"line": 94,
					"column": 27
				},
				"end": {
					"line": 94,
					"column": 57
				}
			},
			"52": {
				"start": {
					"line": 94,
					"column": 33
				},
				"end": {
					"line": 94,
					"column": 56
				}
			},
			"53": {
				"start": {
					"line": 94,
					"column": 37
				},
				"end": {
					"line": 94,
					"column": 49
				}
			},
			"55": {
				"start": {
					"line": 103,
					"column": 4
				},
				"end": {
					"line": 109,
					"column": 5
				}
			},
			"56": {
				"start": {
					"line": 106,
					"column": 8
				},
				"end": {
					"line": 108,
					"column": 9
				}
			},
			"57": {
				"start": {
					"line": 106,
					"column": 17
				},
				"end": {
					"line": 108,
					"column": 9
				}
			},
			"58": {
				"start": {
					"line": 107,
					"column": 12
				},
				"end": {
					"line": 107,
					"column": 55
				}
			},
			"59": {
				"start": {
					"line": 107,
					"column": 25
				},
				"end": {
					"line": 107,
					"column": 55
				}
			},
			"60": {
				"start": {
					"line": 107,
					"column": 31
				},
				"end": {
					"line": 107,
					"column": 54
				}
			},
			"61": {
				"start": {
					"line": 107,
					"column": 35
				},
				"end": {
					"line": 107,
					"column": 47
				}
			},
			"63": {
				"start": {
					"line": 118,
					"column": 4
				},
				"end": {
					"line": 137,
					"column": 5
				}
			},
			"64": {
				"start": {
					"line": 123,
					"column": 8
				},
				"end": {
					"line": 136,
					"column": 9
				}
			},
			"65": {
				"start": {
					"line": 123,
					"column": 17
				},
				"end": {
					"line": 136,
					"column": 9
				}
			},
			"66": {
				"start": {
					"line": 130,
					"column": 12
				},
				"end": {
					"line": 133,
					"column": 13
				}
			},
			"67": {
				"start": {
					"line": 130,
					"column": 21
				},
				"end": {
					"line": 133,
					"column": 13
				}
			},
			"68": {
				"start": {
					"line": 131,
					"column": 16
				},
				"end": {
					"line": 131,
					"column": 39
				}
			},
			"69": {
				"start": {
					"line": 131,
					"column": 22
				},
				"end": {
					"line": 131,
					"column": 38
				}
			},
			"70": {
				"start": {
					"line": 131,
					"column": 26
				},
				"end": {
					"line": 131,
					"column": 31
				}
			},
			"71": {
				"start": {
					"line": 134,
					"column": 12
				},
				"end": {
					"line": 134,
					"column": 47
				}
			},
			"72": {
				"start": {
					"line": 134,
					"column": 24
				},
				"end": {
					"line": 134,
					"column": 47
				}
			},
			"73": {
				"start": {
					"line": 134,
					"column": 30
				},
				"end": {
					"line": 134,
					"column": 46
				}
			},
			"74": {
				"start": {
					"line": 134,
					"column": 34
				},
				"end": {
					"line": 134,
					"column": 39
				}
			},
			"75": {
				"start": {
					"line": 135,
					"column": 12
				},
				"end": {
					"line": 135,
					"column": 40
				}
			},
			"76": {
				"start": {
					"line": 135,
					"column": 24
				},
				"end": {
					"line": 135,
					"column": 40
				}
			},
			"77": {
				"start": {
					"line": 135,
					"column": 28
				},
				"end": {
					"line": 135,
					"column": 33
				}
			},
			"79": {
				"start": {
					"line": 144,
					"column": 4
				},
				"end": {
					"line": 150,
					"column": 5
				}
			},
			"80": {
				"start": {
					"line": 147,
					"column": 8
				},
				"end": {
					"line": 149,
					"column": 9
				}
			},
			"81": {
				"start": {
					"line": 147,
					"column": 17
				},
				"end": {
					"line": 149,
					"column": 9
				}
			},
			"82": {
				"start": {
					"line": 148,
					"column": 12
				},
				"end": {
					"line": 148,
					"column": 47
				}
			},
			"83": {
				"start": {
					"line": 148,
					"column": 24
				},
				"end": {
					"line": 148,
					"column": 47
				}
			},
			"84": {
				"start": {
					"line": 148,
					"column": 30
				},
				"end": {
					"line": 148,
					"column": 46
				}
			},
			"85": {
				"start": {
					"line": 148,
					"column": 34
				},
				"end": {
					"line": 148,
					"column": 39
				}
			}
		},
		"modifiersStatementIds": [],
		"path": "/Users/sbeta/Downloads/AZTEC-develop/packages/protocol/contracts/libs/NoteUtils.sol",
		"f": {
			"0": 145,
			"8": 148,
			"29": 106,
			"54": 0,
			"62": 105,
			"78": 3
		},
		"s": {
			"1": 145,
			"2": 145,
			"3": 145,
			"4": 145,
			"5": 145,
			"6": 145,
			"7": 0,
			"9": 148,
			"10": 0,
			"11": 148,
			"12": 148,
			"13": 148,
			"14": 148,
			"15": 0,
			"16": 148,
			"17": 148,
			"18": 0,
			"19": 148,
			"20": 148,
			"21": 148,
			"22": 148,
			"23": 148,
			"24": 0,
			"25": 148,
			"26": 0,
			"27": 0,
			"28": 148,
			"30": 106,
			"31": 106,
			"32": 106,
			"33": 106,
			"34": 106,
			"35": 0,
			"36": 106,
			"37": 106,
			"38": 0,
			"39": 106,
			"40": 106,
			"41": 0,
			"42": 106,
			"43": 106,
			"44": 0,
			"45": 106,
			"46": 106,
			"47": 106,
			"48": 106,
			"49": 0,
			"50": 106,
			"51": 106,
			"52": 106,
			"53": 0,
			"55": 0,
			"56": 0,
			"57": 0,
			"58": 0,
			"59": 0,
			"60": 0,
			"61": 0,
			"63": 105,
			"64": 105,
			"65": 105,
			"66": 105,
			"67": 105,
			"68": 105,
			"69": 105,
			"70": 0,
			"71": 105,
			"72": 105,
			"73": 105,
			"74": 0,
			"75": 105,
			"76": 105,
			"77": 0,
			"79": 3,
			"80": 3,
			"81": 3,
			"82": 3,
			"83": 3,
			"84": 3,
			"85": 0
		},
		"b": {},
		"l": {
			"18": 145,
			"21": 145,
			"24": 145,
			"34": 148,
			"37": 0,
			"38": 148,
			"40": 148,
			"41": 0,
			"42": 148,
			"51": 148,
			"52": 148,
			"53": 148,
			"54": 148,
			"55": 148,
			"58": 0,
			"61": 148,
			"74": 106,
			"80": 106,
			"88": 106,
			"89": 106,
			"90": 106,
			"91": 106,
			"94": 106,
			"103": 0,
			"106": 0,
			"107": 0,
			"118": 105,
			"123": 105,
			"130": 105,
			"131": 105,
			"134": 105,
			"135": 105,
			"144": 3,
			"147": 3,
			"148": 3
		}
	},
	"/Users/sbeta/Downloads/AZTEC-develop/packages/protocol/contracts/libs/ProofUtils.sol": {
		"fnMap": {
			"0": {
				"name": "getProofComponents",
				"line": 16,
				"loc": {
					"start": {
						"line": 16,
						"column": 4
					},
					"end": {
						"line": 23,
						"column": 5
					}
				}
			}
		},
		"branchMap": {},
		"statementMap": {
			"1": {
				"start": {
					"line": 16,
					"column": 4
				},
				"end": {
					"line": 23,
					"column": 5
				}
			},
			"2": {
				"start": {
					"line": 17,
					"column": 8
				},
				"end": {
					"line": 21,
					"column": 9
				}
			},
			"3": {
				"start": {
					"line": 17,
					"column": 17
				},
				"end": {
					"line": 21,
					"column": 9
				}
			},
			"4": {
				"start": {
					"line": 18,
					"column": 12
				},
				"end": {
					"line": 18,
					"column": 34
				}
			},
			"5": {
				"start": {
					"line": 18,
					"column": 18
				},
				"end": {
					"line": 18,
					"column": 34
				}
			},
			"6": {
				"start": {
					"line": 18,
					"column": 22
				},
				"end": {
					"line": 18,
					"column": 27
				}
			},
			"7": {
				"start": {
					"line": 19,
					"column": 12
				},
				"end": {
					"line": 19,
					"column": 52
				}
			},
			"8": {
				"start": {
					"line": 19,
					"column": 24
				},
				"end": {
					"line": 19,
					"column": 52
				}
			},
			"9": {
				"start": {
					"line": 19,
					"column": 28
				},
				"end": {
					"line": 19,
					"column": 45
				}
			},
			"10": {
				"start": {
					"line": 19,
					"column": 32
				},
				"end": {
					"line": 19,
					"column": 37
				}
			},
			"11": {
				"start": {
					"line": 20,
					"column": 12
				},
				"end": {
					"line": 20,
					"column": 51
				}
			},
			"12": {
				"start": {
					"line": 20,
					"column": 21
				},
				"end": {
					"line": 20,
					"column": 51
				}
			},
			"13": {
				"start": {
					"line": 20,
					"column": 25
				},
				"end": {
					"line": 20,
					"column": 44
				}
			},
			"14": {
				"start": {
					"line": 20,
					"column": 29
				},
				"end": {
					"line": 20,
					"column": 34
				}
			},
			"15": {
				"start": {
					"line": 22,
					"column": 8
				},
				"end": {
					"line": 22,
					"column": 37
				}
			}
		},
		"modifiersStatementIds": [],
		"path": "/Users/sbeta/Downloads/AZTEC-develop/packages/protocol/contracts/libs/ProofUtils.sol",
		"f": {
			"0": 175
		},
		"s": {
			"1": 175,
			"2": 175,
			"3": 175,
			"4": 175,
			"5": 175,
			"6": 0,
			"7": 175,
			"8": 175,
			"9": 175,
			"10": 0,
			"11": 175,
			"12": 175,
			"13": 175,
			"14": 0,
			"15": 0
		},
		"b": {},
		"l": {
			"16": 175,
			"17": 175,
			"18": 175,
			"19": 175,
			"20": 175,
			"22": 0
		}
	},
	"/Users/sbeta/Downloads/AZTEC-develop/packages/protocol/contracts/libs/SafeMath8.sol": {
		"fnMap": {
			"0": {
				"name": "mul",
				"line": 17,
				"loc": {
					"start": {
						"line": 17,
						"column": 4
					},
					"end": {
						"line": 21,
						"column": 5
					}
				}
			},
			"5": {
				"name": "div",
				"line": 29,
				"loc": {
					"start": {
						"line": 29,
						"column": 4
					},
					"end": {
						"line": 33,
						"column": 5
					}
				}
			},
			"8": {
				"name": "sub",
				"line": 41,
				"loc": {
					"start": {
						"line": 41,
						"column": 4
					},
					"end": {
						"line": 44,
						"column": 5
					}
				}
			},
			"12": {
				"name": "add",
				"line": 52,
				"loc": {
					"start": {
						"line": 52,
						"column": 4
					},
					"end": {
						"line": 56,
						"column": 5
					}
				}
			}
		},
		"branchMap": {},
		"statementMap": {
			"1": {
				"start": {
					"line": 17,
					"column": 4
				},
				"end": {
					"line": 21,
					"column": 5
				}
			},
			"2": {
				"start": {
					"line": 18,
					"column": 8
				},
				"end": {
					"line": 18,
					"column": 44
				}
			},
			"3": {
				"start": {
					"line": 19,
					"column": 8
				},
				"end": {
					"line": 19,
					"column": 64
				}
			},
			"4": {
				"start": {
					"line": 20,
					"column": 8
				},
				"end": {
					"line": 20,
					"column": 24
				}
			},
			"6": {
				"start": {
					"line": 29,
					"column": 4
				},
				"end": {
					"line": 33,
					"column": 5
				}
			},
			"7": {
				"start": {
					"line": 32,
					"column": 8
				},
				"end": {
					"line": 32,
					"column": 21
				}
			},
			"9": {
				"start": {
					"line": 41,
					"column": 4
				},
				"end": {
					"line": 44,
					"column": 5
				}
			},
			"10": {
				"start": {
					"line": 42,
					"column": 8
				},
				"end": {
					"line": 42,
					"column": 64
				}
			},
			"11": {
				"start": {
					"line": 43,
					"column": 8
				},
				"end": {
					"line": 43,
					"column": 21
				}
			},
			"13": {
				"start": {
					"line": 52,
					"column": 4
				},
				"end": {
					"line": 56,
					"column": 5
				}
			},
			"14": {
				"start": {
					"line": 53,
					"column": 8
				},
				"end": {
					"line": 53,
					"column": 24
				}
			},
			"15": {
				"start": {
					"line": 54,
					"column": 8
				},
				"end": {
					"line": 54,
					"column": 63
				}
			},
			"16": {
				"start": {
					"line": 55,
					"column": 8
				},
				"end": {
					"line": 55,
					"column": 17
				}
			}
		},
		"modifiersStatementIds": [],
		"path": "/Users/sbeta/Downloads/AZTEC-develop/packages/protocol/contracts/libs/SafeMath8.sol",
		"f": {
			"0": 1,
			"5": 0,
			"8": 8,
			"12": 2
		},
		"s": {
			"1": 1,
			"2": 1,
			"3": 1,
			"4": 0,
			"6": 0,
			"7": 0,
			"9": 8,
			"10": 8,
			"11": 0,
			"13": 2,
			"14": 0,
			"15": 2,
			"16": 0
		},
		"b": {},
		"l": {
			"17": 1,
			"18": 1,
			"19": 1,
			"20": 0,
			"29": 0,
			"32": 0,
			"41": 8,
			"42": 8,
			"43": 0,
			"52": 2,
			"53": 0,
			"54": 2,
			"55": 0
		}
	},
	"/Users/sbeta/Downloads/AZTEC-develop/packages/protocol/contracts/ACE/validators/adjustSupply/AdjustSupply.sol": {
		"fnMap": {
			"0": {
				"name": "",
				"line": 28,
				"loc": {
					"start": {
						"line": 28,
						"column": 4
					},
					"end": {
						"line": 366,
						"column": 5
					}
				}
			}
		},
		"branchMap": {},
		"statementMap": {
			"1": {
				"start": {
					"line": 28,
					"column": 4
				},
				"end": {
					"line": 366,
					"column": 5
				}
			},
			"2": {
				"start": {
					"line": 29,
					"column": 8
				},
				"end": {
					"line": 361,
					"column": 9
				}
			},
			"3": {
				"start": {
					"line": 29,
					"column": 17
				},
				"end": {
					"line": 361,
					"column": 9
				}
			},
			"4": {
				"start": {
					"line": 34,
					"column": 12
				},
				"end": {
					"line": 34,
					"column": 34
				}
			},
			"5": {
				"start": {
					"line": 53,
					"column": 12
				},
				"end": {
					"line": 238,
					"column": 13
				}
			},
			"6": {
				"start": {
					"line": 53,
					"column": 44
				},
				"end": {
					"line": 238,
					"column": 13
				}
			},
			"7": {
				"start": {
					"line": 54,
					"column": 16
				},
				"end": {
					"line": 54,
					"column": 48
				}
			},
			"8": {
				"start": {
					"line": 54,
					"column": 29
				},
				"end": {
					"line": 54,
					"column": 47
				}
			},
			"9": {
				"start": {
					"line": 55,
					"column": 16
				},
				"end": {
					"line": 55,
					"column": 48
				}
			},
			"10": {
				"start": {
					"line": 55,
					"column": 29
				},
				"end": {
					"line": 55,
					"column": 47
				}
			},
			"11": {
				"start": {
					"line": 56,
					"column": 16
				},
				"end": {
					"line": 56,
					"column": 60
				}
			},
			"12": {
				"start": {
					"line": 56,
					"column": 29
				},
				"end": {
					"line": 56,
					"column": 60
				}
			},
			"13": {
				"start": {
					"line": 56,
					"column": 40
				},
				"end": {
					"line": 56,
					"column": 59
				}
			},
			"14": {
				"start": {
					"line": 57,
					"column": 16
				},
				"end": {
					"line": 57,
					"column": 26
				}
			},
			"15": {
				"start": {
					"line": 58,
					"column": 16
				},
				"end": {
[...]
				}
			},
			"23": {
				"start": {
					"line": 131,
					"column": 12
				},
				"end": {
					"line": 131,
					"column": 31
				}
			},
			"24": {
				"start": {
					"line": 133,
					"column": 8
				},
				"end": {
					"line": 133,
					"column": 80
				}
			},
			"25": {
				"start": {
					"line": 134,
					"column": 8
				},
				"end": {
					"line": 134,
					"column": 59
				}
			},
			"27": {
				"start": {
					"line": 148,
					"column": 4
				},
				"end": {
					"line": 174,
					"column": 5
				}
			},
			"28": {
				"start": {
					"line": 149,
					"column": 8
				},
				"end": {
					"line": 152,
					"column": 64
				}
			},
			"29": {
				"start": {
					"line": 154,
					"column": 8
				},
				"end": {
					"line": 154,
					"column": 48
				}
			},
			"30": {
				"start": {
					"line": 155,
					"column": 8
				},
				"end": {
					"line": 161,
					"column": 9
				}
			},
			"31": {
				"start": {
					"line": 155,
					"column": 13
				},
				"end": {
					"line": 155,
					"column": 24
				}
			},
			"32": {
				"start": {
					"line": 155,
					"column": 37
				},
				"end": {
					"line": 155,
					"column": 43
				}
			},
			"33": {
				"start": {
					"line": 156,
					"column": 12
				},
				"end": {
					"line": 156,
					"column": 69
				}
			},
			"34": {
				"start": {
					"line": 157,
					"column": 12
				},
				"end": {
					"line": 160,
					"column": 13
				}
			},
			"35": {
				"start": {
					"line": 163,
					"column": 8
				},
				"end": {
					"line": 163,
					"column": 64
				}
			},
			"36": {
				"start": {
					"line": 165,
					"column": 8
				},
				"end": {
					"line": 165,
					"column": 33
				}
			},
			"37": {
				"start": {
					"line": 166,
					"column": 8
				},
				"end": {
					"line": 166,
					"column": 35
				}
			},
			"38": {
				"start": {
					"line": 168,
					"column": 8
				},
				"end": {
					"line": 170,
					"column": 9
				}
			},
			"40": {
				"start": {
					"line": 169,
					"column": 12
				},
				"end": {
					"line": 169,
					"column": 67
				}
			},
			"41": {
				"start": {
					"line": 171,
					"column": 8
				},
				"end": {
					"line": 173,
					"column": 9
				}
			},
			"43": {
				"start": {
					"line": 172,
					"column": 12
				},
				"end": {
					"line": 172,
					"column": 65
				}
			},
			"45": {
				"start": {
					"line": 176,
					"column": 4
				},
				"end": {
					"line": 195,
					"column": 5
				}
			},
			"46": {
				"start": {
					"line": 177,
					"column": 8
				},
				"end": {
					"line": 194,
					"column": 9
				}
			},
			"47": {
				"start": {
					"line": 177,
					"column": 13
				},
				"end": {
					"line": 177,
					"column": 24
				}
			},
			"48": {
				"start": {
					"line": 177,
					"column": 55
				},
				"end": {
					"line": 177,
					"column": 61
				}
			},
			"49": {
				"start": {
					"line": 178,
					"column": 12
				},
				"end": {
					"line": 178,
					"column": 59
				}
			},
			"50": {
				"start": {
					"line": 179,
					"column": 12
				},
				"end": {
					"line": 179,
					"column": 80
				}
			},
			"51": {
				"start": {
					"line": 181,
					"column": 12
				},
				"end": {
					"line": 184,
					"column": 67
				}
			},
			"52": {
				"start": {
					"line": 186,
					"column": 12
				},
				"end": {
					"line": 186,
					"column": 37
				}
			},
			"53": {
				"start": {
					"line": 187,
					"column": 12
				},
				"end": {
					"line": 187,
					"column": 39
				}
			},
			"54": {
				"start": {
					"line": 188,
					"column": 12
				},
				"end": {
					"line": 190,
					"column": 13
				}
			},
			"56": {
				"start": {
					"line": 189,
					"column": 16
				},
				"end": {
					"line": 189,
					"column": 71
				}
			},
			"57": {
				"start": {
					"line": 191,
					"column": 12
				},
				"end": {
					"line": 193,
					"column": 13
				}
			},
			"59": {
				"start": {
					"line": 192,
					"column": 16
				},
				"end": {
					"line": 192,
					"column": 69
				}
			},
			"61": {
				"start": {
					"line": 203,
					"column": 4
				},
				"end": {
					"line": 208,
					"column": 5
				}
			},
			"62": {
				"start": {
					"line": 204,
					"column": 8
				},
				"end": {
					"line": 207,
					"column": 9
				}
			},
			"63": {
				"start": {
					"line": 204,
					"column": 13
				},
				"end": {
					"line": 204,
					"column": 24
				}
			},
			"64": {
				"start": {
					"line": 204,
					"column": 53
				},
				"end": {
					"line": 204,
					"column": 59
				}
			},
			"65": {
				"start": {
					"line": 205,
					"column": 12
				},
				"end": {
					"line": 205,
					"column": 107
				}
			},
			"66": {
				"start": {
					"line": 206,
					"column": 12
				},
				"end": {
					"line": 206,
					"column": 60
				}
			},
			"68": {
				"start": {
					"line": 216,
					"column": 4
				},
				"end": {
					"line": 221,
					"column": 5
				}
			},
			"69": {
				"start": {
					"line": 217,
					"column": 8
				},
				"end": {
					"line": 220,
					"column": 9
				}
			},
			"70": {
				"start": {
					"line": 217,
					"column": 13
				},
				"end": {
					"line": 217,
					"column": 24
				}
			},
			"71": {
				"start": {
					"line": 217,
					"column": 54
				},
				"end": {
					"line": 217,
					"column": 60
				}
			},
			"72": {
				"start": {
					"line": 218,
					"column": 12
				},
				"end": {
					"line": 218,
					"column": 108
				}
			},
			"73": {
				"start": {
					"line": 219,
					"column": 12
				},
				"end": {
					"line": 219,
					"column": 59
				}
			}
		},
		"modifiersStatementIds": [],
		"path": "/Users/sbeta/Downloads/AZTEC-develop/packages/protocol/contracts/ERC1724/ZkAsset.sol",
		"f": {
			"0": 30,
			"9": 26,
			"13": 46,
			"26": 21,
			"44": 21,
			"60": 24,
			"67": 27
		},
		"s": {
			"1": 30,
			"2": 30,
			"3": 30,
			"4": 30,
			"5": 30,
			"6": 30,
			"7": 30,
			"8": 30,
			"10": 26,
			"11": 22,
			"12": 24,
			"14": 46,
			"15": 16,
			"16": 14,
			"17": 12,
			"18": 12,
			"20": 10,
			"21": 10,
			"22": 10,
			"23": 2,
			"24": 12,
			"25": 10,
			"27": 21,
			"28": 5,
			"29": 5,
			"30": 21,
			"31": 5,
			"32": 5,
			"33": 21,
			"34": 5,
			"35": 5,
			"36": 3,
			"37": 3,
			"38": 3,
			"40": 1,
			"41": 3,
			"43": 1,
			"45": 21,
			"46": 21,
			"47": 21,
			"48": 21,
			"49": 21,
			"50": 21,
			"51": 21,
			"52": 21,
			"53": 21,
			"54": 21,
			"56": 18,
			"57": 21,
			"59": 2,
			"61": 24,
			"62": 24,
			"63": 24,
			"64": 8,
			"65": 8,
			"66": 8,
			"68": 27,
			"69": 27,
			"70": 27,
			"71": 26,
			"72": 26,
			"73": 26
		},
		"b": {
			"19": [
				10,
				2
			],
			"39": [
				1,
				3
			],
			"42": [
				1,
				3
			],
			"55": [
				18,
				21
			],
			"58": [
				2,
				21
			]
		},
		"l": {
			"45": 30,
			"52": 30,
			"58": 30,
			"63": 30,
			"64": 30,
			"65": 30,
			"66": 30,
			"72": 30,
			"91": 26,
			"92": 22,
			"93": 24,
			"108": 46,
			"114": 16,
			"115": 14,
			"116": 12,
			"117": 12,
			"119": 10,
			"125": 10,
			"126": 10,
			"131": 2,
			"133": 12,
			"134": 10,
			"148": 21,
			"149": 5,
			"154": 5,
			"155": 21,
			"156": 21,
			"157": 5,
			"163": 5,
			"165": 3,
			"166": 3,
			"168": 3,
			"169": 1,
			"171": 3,
			"172": 1,
			"176": 21,
			"177": 21,
			"178": 21,
			"179": 21,
			"181": 21,
			"186": 21,
			"187": 21,
			"188": 21,
			"189": 18,
			"191": 21,
			"192": 2,
			"203": 24,
			"204": 24,
			"205": 8,
			"206": 8,
			"216": 27,
			"217": 27,
			"218": 26,
			"219": 26
		}
	},
	"/Users/sbeta/Downloads/AZTEC-develop/packages/protocol/contracts/ERC1724/ZkAssetBurnable.sol": {
		"fnMap": {
			"0": {
				"name": null,
				"line": 23,
				"loc": {
					"start": {
						"line": 23,
						"column": 4
					},
					"end": {
						"line": 37,
						"column": 5
					}
				}
			},
			"4": {
				"name": "confidentialBurn",
				"line": 47,
				"loc": {
					"start": {
						"line": 47,
						"column": 4
					},
					"end": {
						"line": 63,
						"column": 5
					}
				}
			}
		},
		"branchMap": {},
		"statementMap": {
			"1": {
				"start": {
					"line": 23,
					"column": 4
				},
				"end": {
					"line": 37,
					"column": 5
				}
			},
			"2": {
				"start": {
					"line": 36,
					"column": 8
				},
				"end": {
					"line": 36,
					"column": 26
				}
			},
			"3": {
				"start": {
					"line": 29,
					"column": 13
				},
				"end": {
					"line": 35,
					"column": 5
				}
			},
			"5": {
				"start": {
					"line": 47,
					"column": 4
				},
				"end": {
					"line": 63,
					"column": 5
				}
			},
			"6": {
				"start": {
					"line": 48,
					"column": 8
				},
				"end": {
					"line": 48,
					"column": 93
				}
			},
			"7": {
				"start": {
					"line": 49,
					"column": 8
				},
				"end": {
					"line": 49,
					"column": 56
				}
			},
			"8": {
				"start": {
					"line": 51,
					"column": 8
				},
				"end": {
					"line": 51,
					"column": 83
				}
			},
			"9": {
				"start": {
					"line": 53,
					"column": 8
				},
				"end": {
					"line": 53,
					"column": 81
				}
			},
			"10": {
				"start": {
					"line": 55,
					"column": 8
				},
				"end": {
					"line": 55,
					"column": 84
				}
			},
			"11": {
				"start": {
					"line": 57,
					"column": 8
				},
				"end": {
					"line": 59,
					"column": 63
				}
			},
			"12": {
				"start": {
					"line": 61,
					"column": 8
				},
				"end": {
					"line": 61,
					"column": 35
				}
			},
			"13": {
				"start": {
					"line": 62,
					"column": 8
				},
				"end": {
					"line": 62,
					"column": 51
				}
			}
		},
		"modifiersStatementIds": [
			3
		],
		"path": "/Users/sbeta/Downloads/AZTEC-develop/packages/protocol/contracts/ERC1724/ZkAssetBurnable.sol",
		"f": {
			"0": 4,
			"4": 11
		},
		"s": {
			"1": 4,
			"2": 4,
			"3": 4,
			"5": 11,
			"6": 7,
			"7": 5,
			"8": 5,
			"9": 1,
			"10": 1,
			"11": 5,
			"12": 1,
			"13": 1
		},
		"b": {},
		"l": {
			"23": 4,
			"29": 4,
			"36": 4,
			"47": 11,
			"48": 7,
			"49": 5,
			"51": 5,
			"53": 1,
			"55": 1,
			"57": 5,
			"61": 1,
			"62": 1
		}
	},
	"/Users/sbeta/Downloads/AZTEC-develop/packages/protocol/contracts/ERC1724/ZkAssetOwnable.sol": {
		"fnMap": {
			"0": {
				"name": null,
				"line": 22,
				"loc": {
					"start": {
						"line": 22,
						"column": 4
					},
					"end": {
						"line": 36,
						"column": 5
					}
				}
			},
			"4": {
				"name": "setProofs",
				"line": 38,
				"loc": {
					"start": {
						"line": 38,
						"column": 4
					},
					"end": {
						"line": 44,
						"column": 5
					}
				}
			},
			"8": {
				"name": "confidentialTransferFrom",
				"line": 46,
				"loc": {
					"start": {
						"line": 46,
						"column": 4
					},
					"end": {
						"line": 50,
						"column": 5
					}
				}
			},
			"13": {
				"name": "supportsProof",
				"line": 55,
				"loc": {
					"start": {
						"line": 55,
						"column": 4
					},
					"end": {
						"line": 60,
						"column": 5
					}
				}
			}
		},
		"branchMap": {},
		"statementMap": {
			"1": {
				"start": {
					"line": 22,
					"column": 4
				},
				"end": {
					"line": 36,
					"column": 5
				}
			},
			"2": {
				"start": {
					"line": 35,
					"column": 8
				},
				"end": {
					"line": 35,
					"column": 26
				}
			},
			"3": {
				"start": {
					"line": 28,
					"column": 13
				},
				"end": {
					"line": 34,
					"column": 5
				}
			},
			"5": {
				"start": {
					"line": 38,
					"column": 4
				},
				"end": {
					"line": 44,
					"column": 5
				}
			},
			"6": {
				"start": {
					"line": 42,
					"column": 8
				},
				"end": {
					"line": 42,
					"column": 79
				}
			},
			"7": {
				"start": {
					"line": 43,
					"column": 8
				},
				"end": {
					"line": 43,
					"column": 32
				}
			},
			"9": {
				"start": {
					"line": 46,
					"column": 4
				},
				"end": {
					"line": 50,
					"column": 5
				}
			},
			"10": {
				"start": {
					"line": 47,
					"column": 8
				},
				"end": {
					"line": 47,
					"column": 44
				}
			},
			"11": {
				"start": {
					"line": 48,
					"column": 8
				},
				"end": {
					"line": 48,
					"column": 65
				}
			},
			"12": {
				"start": {
					"line": 49,
					"column": 8
				},
				"end": {
					"line": 49,
					"column": 60
				}
			},
			"14": {
				"start": {
					"line": 55,
					"column": 4
				},
				"end": {
					"line": 60,
					"column": 5
				}
			},
			"15": {
				"start": {
					"line": 56,
					"column": 8
				},
				"end": {
					"line": 56,
					"column": 78
				}
			},
			"16": {
				"start": {
					"line": 57,
					"column": 8
				},
				"end": {
					"line": 57,
					"column": 102
				}
			},
			"17": {
				"start": {
					"line": 58,
					"column": 8
				},
				"end": {
					"line": 58,
					"column": 60
				}
			},
			"18": {
				"start": {
					"line": 59,
					"column": 8
				},
				"end": {
					"line": 59,
					"column": 24
				}
			}
		},
		"modifiersStatementIds": [
			3
		],
		"path": "/Users/sbeta/Downloads/AZTEC-develop/packages/protocol/contracts/ERC1724/ZkAssetOwnable.sol",
		"f": {
			"0": 19,
			"4": 13,
			"8": 7,
			"13": 7
		},
		"s": {
			"1": 19,
			"2": 19,
			"3": 19,
			"5": 13,
			"6": 13,
			"7": 11,
			"9": 7,
			"10": 7,
			"11": 7,
			"12": 5,
			"14": 7,
			"15": 7,
			"16": 7,
			"17": 7,
			"18": 7
		},
		"b": {},
		"l": {
			"22": 19,
			"28": 19,
			"35": 19,
			"38": 13,
			"42": 13,
			"43": 11,
			"46": 7,
			"47": 7,
			"48": 7,
			"49": 5,
			"55": 7,
			"56": 7,
			"57": 7,
			"58": 7,
			"59": 7
		}
	},
	"/Users/sbeta/Downloads/AZTEC-develop/packages/protocol/contracts/ERC1724/ZkAssetMintable.sol": {
		"fnMap": {
			"0": {
				"name": null,
				"line": 25,
				"loc": {
					"start": {
						"line": 25,
						"column": 4
					},
					"end": {
						"line": 39,
						"column": 5
					}
				}
			},
			"4": {
				"name": "confidentialMint",
				"line": 50,
				"loc": {
					"start": {
						"line": 50,
						"column": 4
					},
					"end": {
						"line": 66,
						"column": 5
					}
				}
			},
			"14": {
				"name": "confidentialTransfer",
				"line": 82,
				"loc": {
					"start": {
						"line": 82,
						"column": 4
					},
					"end": {
						"line": 112,
						"column": 5
					}
				}
			}
		},
		"branchMap": {
			"22": {
				"line": 101,
				"type": "if",
				"locations": [
					{
						"start": {
							"line": 101,
							"column": 29
						},
						"end": {
							"line": 109,
							"column": 9
						}
					},
					{
						"start": {
							"line": 101,
							"column": 8
						},
						"end": {
							"line": 109,
							"column": 9
						}
					}
				]
			},
			"24": {
				"line": 102,
				"type": "if",
				"locations": [
					{
						"start": {
							"line": 102,
							"column": 52
						},
						"end": {
							"line": 108,
							"column": 13
						}
					},
					{
						"start": {
							"line": 102,
							"column": 12
						},
						"end": {
							"line": 108,
							"column": 13
						}
					}
				]
			}
		},
		"statementMap": {
			"1": {
				"start": {
					"line": 25,
					"column": 4
				},
				"end": {
					"line": 39,
					"column": 5
				}
			},
			"2": {
				"start": {
					"line": 38,
					"column": 8
				},
				"end": {
					"line": 38,
					"column": 26
				}
			},
			"3": {
				"start": {
					"line": 31,
					"column": 13
				},
				"end": {
					"line": 37,
					"column": 5
				}
			},
			"5": {
				"start": {
					"line": 50,
					"column": 4
				},
				"end": {
					"line": 66,
					"column": 5
				}
			},
			"6": {
				"start": {
					"line": 51,
					"column": 8
				},
				"end": {
					"line": 51,
					"column": 93
				}
			},
			"7": {
				"start": {
					"line": 52,
					"column": 8
				},
				"end": {
					"line": 52,
					"column": 56
				}
			},
			"8": {
				"start": {
					"line": 54,
					"column": 8
				},
				"end": {
					"line": 54,
					"column": 83
				}
			},
			"9": {
				"start": {
					"line": 56,
					"column": 8
				},
				"end": {
					"line": 56,
					"column": 81
				}
			},
			"10": {
				"start": {
					"line": 58,
					"column": 8
				},
				"end": {
					"line": 58,
					"column": 84
				}
			},
			"11": {
				"start": {
					"line": 60,
					"column": 8
				},
				"end": {
					"line": 62,
					"column": 63
				}
			},
			"12": {
				"start": {
					"line": 64,
					"column": 8
				},
				"end": {
					"line": 64,
					"column": 35
				}
			},
			"13": {
				"start": {
					"line": 65,
					"column": 8
				},
				"end": {
					"line": 65,
					"column": 51
				}
			},
			"15": {
				"start": {
					"line": 82,
					"column": 4
				},
				"end": {
					"line": 112,
					"column": 5
				}
			},
			"16": {
				"start": {
					"line": 83,
					"column": 8
				},
				"end": {
					"line": 83,
					"column": 96
				}
			},
			"17": {
				"start": {
					"line": 84,
					"column": 8
				},
				"end": {
					"line": 84,
					"column": 58
				}
			},
			"18": {
				"start": {
					"line": 86,
					"column": 8
				},
				"end": {
					"line": 86,
					"column": 55
				}
			},
			"19": {
				"start": {
					"line": 88,
					"column": 8
				},
				"end": {
					"line": 91,
					"column": 63
				}
			},
			"20": {
				"start": {
					"line": 93,
					"column": 8
				},
				"end": {
					"line": 100,
					"column": 43
				}
			},
			"21": {
				"start": {
					"line": 101,
					"column": 8
				},
				"end": {
					"line": 109,
					"column": 9
				}
			},
			"23": {
				"start": {
					"line": 102,
					"column": 12
				},
				"end": {
					"line": 108,
					"column": 13
				}
			},
			"25": {
				"start": {
					"line": 103,
					"column": 16
				},
				"end": {
					"line": 103,
					"column": 80
				}
			},
			"26": {
				"start": {
					"line": 104,
					"column": 16
				},
				"end": {
					"line": 104,
					"column": 107
				}
			},
			"27": {
				"start": {
					"line": 105,
					"column": 16
				},
				"end": {
					"line": 105,
					"column": 109
				}
			},
			"28": {
				"start": {
					"line": 107,
					"column": 16
				},
				"end": {
					"line": 107,
					"column": 53
				}
			},
			"29": {
				"start": {
					"line": 111,
					"column": 8
				},
				"end": {
					"line": 111,
					"column": 50
				}
			}
		},
		"modifiersStatementIds": [
			3
		],
		"path": "/Users/sbeta/Downloads/AZTEC-develop/packages/protocol/contracts/ERC1724/ZkAssetMintable.sol",
		"f": {
			"0": 5,
			"4": 9,
			"14": 1
		},
		"s": {
			"1": 5,
			"2": 5,
			"3": 5,
			"5": 9,
			"6": 8,
			"7": 6,
			"8": 6,
			"9": 2,
			"10": 2,
			"11": 3,
			"12": 2,
			"13": 2,
			"15": 1,
			"16": 1,
			"17": 1,
			"18": 1,
			"19": 1,
			"20": 1,
			"21": 1,
			"23": 1,
			"25": 1,
			"26": 1,
			"27": 1,
			"28": 1,
			"29": 1
		},
		"b": {
			"22": [
				1,
				1
			],
			"24": [
				1,
				1
			]
		},
		"l": {
			"25": 5,
			"31": 5,
			"38": 5,
			"50": 9,
			"51": 8,
			"52": 6,
			"54": 6,
			"56": 2,
			"58": 2,
			"60": 3,
			"64": 2,
			"65": 2,
			"82": 1,
			"83": 1,
			"84": 1,
			"86": 1,
			"88": 1,
			"93": 1,
			"101": 1,
			"102": 1,
			"103": 1,
			"104": 1,
			"105": 1,
			"107": 1,
			"111": 1
		}
	},
	"/Users/sbeta/Downloads/AZTEC-develop/packages/protocol/contracts/ACE/validators/joinSplit/JoinSplitABIEncoderTest.sol": {
		"fnMap": {
			"0": {
				"name": "validateJoinSplit",
				"line": 7,
				"loc": {
					"start": {
						"line": 7,
						"column": 4
					},
					"end": {
						"line": 16,
						"column": 5
					}
				}
			}
		},
		"branchMap": {},
		"statementMap": {
			"1": {
				"start": {
					"line": 7,
					"column": 4
				},
				"end": {
					"line": 16,
					"column": 5
				}
			},
			"2": {
				"start": {
					"line": 15,
					"column": 8
				},
				"end": {
					"line": 15,
					"column": 61
				}
			}
		},
		"modifiersStatementIds": [],
		"path": "/Users/sbeta/Downloads/AZTEC-develop/packages/protocol/contracts/ACE/validators/joinSplit/JoinSplitABIEncoderTest.sol",
		"f": {
			"0": 1
		},
		"s": {
			"1": 1,
			"2": 1
		},
		"b": {},
		"l": {
			"7": 1,
			"15": 1
		}
	}
}