TN:
SF:/Users/sbeta/Downloads/AZTEC-develop/packages/protocol/contracts/ACE/ACE.sol
FN:60,
FN:73,mint
FN:125,burn
FN:179,validateProof
FN:245,clearProofByHashes
FN:261,setCommonReferenceString
FN:271,invalidateProof
FN:287,validateProofByHash
FN:357,setProof
FN:373,incrementLatestEpoch
FN:384,getCommonReferenceString
FN:388,getValidatorAddress
FNF:12
FNH:12
FNDA:94,
FNDA:129,mint
FNDA:6,burn
FNDA:91,validateProof
FNDA:492,clearProofByHashes
FNDA:93,setCommonReferenceString
FNDA:3,invalidateProof
FNDA:83,validateProofByHash
FNDA:154,setProof
FNDA:3,incrementLatestEpoch
FNDA:1,getCommonReferenceString
FNDA:92,getValidatorAddress
DA:60,94
DA:73,129
DA:79,16
DA:80,16
DA:81,16
DA:84,12
DA:86,12
DA:88,12
DA:89,10
DA:92,12
DA:98,75
DA:100,10
DA:101,10
DA:102,10
DA:105,10
DA:110,12
DA:111,12
DA:125,6
DA:131,6
DA:132,6
DA:133,6
DA:136,4
DA:138,4
DA:140,4
DA:143,2
DA:148,2
DA:149,2
DA:150,2
DA:151,2
DA:154,2
DA:159,2
DA:160,0
DA:179,91
DA:180,91
DA:183,89
DA:184,89
DA:185,89
DA:187,89
DA:190,89
DA:191,89
DA:192,89
DA:193,89
DA:194,89
DA:195,89
DA:196,89
DA:197,89
DA:198,89
DA:201,89
DA:203,89
DA:205,89
DA:207,89
DA:208,89
DA:209,8
DA:210,8
DA:214,81
DA:216,81
DA:218,81
DA:222,81
DA:223,62
DA:224,62
DA:225,62
DA:226,62
DA:227,62
DA:230,81
DA:245,492
DA:246,5
DA:247,74
DA:248,5
DA:249,5
DA:250,3
DA:251,3
DA:252,1
DA:261,93
DA:262,93
DA:263,91
DA:264,91
DA:271,3
DA:272,3
DA:273,1
DA:274,1
DA:275,1
DA:287,83
DA:298,0
DA:299,0
DA:300,83
DA:329,83
DA:330,83
DA:331,83
DA:333,83
DA:335,83
DA:340,83
DA:341,83
DA:342,83
DA:343,83
DA:344,83
DA:345,83
DA:347,83
DA:348,82
DA:357,154
DA:361,154
DA:362,152
DA:363,150
DA:364,150
DA:365,148
DA:366,146
DA:367,146
DA:373,3
DA:374,3
DA:375,1
DA:376,1
DA:384,1
DA:385,1
DA:388,92
DA:389,0
DA:390,0
DA:391,92
DA:409,92
DA:410,92
DA:414,92
DA:415,1
DA:416,91
LF:121
LH:116
BRDA:222,126,0,62
BRDA:222,126,1,81
BRDA:414,221,0,92
BRDA:414,221,1,92
BRF:4
BRH:4
end_of_record
TN:
SF:/Users/sbeta/Downloads/AZTEC-develop/packages/protocol/contracts/ACE/NoteRegistry.sol
FN:81,supplementTokens
FN:103,validateProofByHash
FN:105,createNoteRegistry
FN:139,updateNoteRegistry
FN:193,publicApprove
FN:213,getRegistry
FN:246,getNote
FN:274,updateInputNotes
FN:347,updateOutputNotes
FNF:9
FNH:8
FNDA:1,supplementTokens
FNDA:0,validateProofByHash
FNDA:79,createNoteRegistry
FNDA:79,updateNoteRegistry
FNDA:106,publicApprove
FNDA:3,getRegistry
FNDA:25,getNote
FNDA:65,updateInputNotes
FNDA:71,updateOutputNotes
DA:81,1
DA:82,1
DA:83,1
DA:84,1
DA:87,1
DA:89,1
DA:91,1
DA:103,0
DA:105,79
DA:111,79
DA:112,77
DA:113,77
DA:115,75
DA:128,75
DA:139,79
DA:144,79
DA:145,79
DA:146,79
DA:147,77
DA:148,77
DA:154,63
DA:156,63
DA:161,63
DA:162,61
DA:167,59
DA:168,56
DA:170,55
DA:171,39
DA:172,39
DA:173,39
DA:178,35
DA:179,35
DA:184,13
DA:185,7
DA:193,106
DA:194,106
DA:195,106
DA:196,104
DA:213,3
DA:222,3
DA:223,2
DA:224,2
DA:246,25
DA:252,25
DA:258,22
DA:259,22
DA:260,22
DA:261,22
DA:262,22
DA:263,22
DA:264,22
DA:274,65
DA:281,65
DA:282,0
DA:283,0
DA:291,65
DA:292,65
DA:293,29
DA:297,29
DA:301,29
DA:303,29
DA:306,29
DA:309,29
DA:313,29
DA:314,0
DA:315,29
DA:320,29
DA:321,0
DA:322,0
DA:325,29
DA:327,29
DA:329,29
DA:335,29
DA:337,27
DA:347,71
DA:349,71
DA:350,0
DA:351,71
DA:353,71
DA:354,62
DA:355,62
DA:359,62
DA:362,62
DA:364,62
DA:367,62
DA:368,0
DA:370,62
DA:371,62
DA:373,62
DA:375,62
DA:378,62
DA:382,62
LF:92
LH:84
BRDA:112,14,0,77
BRDA:112,14,1,77
BRDA:167,30,0,59
BRDA:167,30,1,59
BRDA:170,33,0,39
BRDA:170,33,1,13
BRF:6
BRH:6
end_of_record
TN:
SF:/Users/sbeta/Downloads/AZTEC-develop/packages/protocol/contracts/libs/NoteUtils.sol
FN:18,getLength
FN:34,get
FN:74,extractProofOutput
FN:103,extractChallenge
FN:118,extractNote
FN:144,getNoteType
FNF:6
FNH:5
FNDA:145,getLength
FNDA:148,get
FNDA:106,extractProofOutput
FNDA:0,extractChallenge
FNDA:105,extractNote
FNDA:3,getNoteType
DA:18,145
DA:21,145
DA:24,145
DA:34,148
DA:37,0
DA:38,148
DA:40,148
DA:41,0
DA:42,148
DA:51,148
DA:52,148
DA:53,148
DA:54,148
DA:55,148
DA:58,0
DA:61,148
DA:74,106
DA:80,106
DA:88,106
DA:89,106
DA:90,106
DA:91,106
DA:94,106
DA:103,0
DA:106,0
DA:107,0
DA:118,105
DA:123,105
DA:130,105
DA:131,105
DA:134,105
DA:135,105
DA:144,3
DA:147,3
DA:148,3
LF:35
LH:29
BRF:0
BRH:0
end_of_record
TN:
SF:/Users/sbeta/Downloads/AZTEC-develop/packages/protocol/contracts/libs/ProofUtils.sol
FN:16,getProofComponents
FNF:1
FNH:1
FNDA:175,getProofComponents
DA:16,175
DA:17,175
DA:18,175
DA:19,175
DA:20,175
DA:22,0
LF:6
LH:5
BRF:0
BRH:0
end_of_record
TN:
SF:/Users/sbeta/Downloads/AZTEC-develop/packages/protocol/contracts/libs/SafeMath8.sol
FN:17,mul
FN:29,div
FN:41,sub
FN:52,add
FNF:4
FNH:3
FNDA:1,mul
FNDA:0,div
FNDA:8,sub
FNDA:2,add
DA:17,1
DA:18,1
DA:19,1
DA:20,0
DA:29,0
DA:32,0
DA:41,8
DA:42,8
DA:43,0
DA:52,2
DA:53,0
DA:54,2
DA:55,0
LF:13
LH:7
BRF:0
BRH:0
end_of_record
TN:
SF:/Users/sbeta/Downloads/AZTEC-develop/packages/protocol/contracts/ACE/validators/adjustSupply/AdjustSupply.sol
FN:28,
FNF:1
FNH:1
FNDA:61,
DA:28,61
DA:29,61
DA:34,61
DA:53,61
DA:54,61
DA:55,61
DA:56,61
DA:57,61
DA:58,61
DA:59,61
DA:60,61
DA:64,61
DA:65,6
DA:66,6
DA:69,55
DA:70,4
DA:71,4
DA:74,51
DA:77,51
DA:78,51
DA:79,51
DA:81,51
DA:82,51
DA:88,51
DA:91,51
DA:111,0
DA:112,51
DA:113,51
DA:115,51
DA:116,45
DA:117,45
DA:119,51
DA:123,51
DA:128,47
DA:129,45
DA:131,45
DA:132,45
DA:133,45
DA:134,45
DA:135,45
DA:138,45
DA:141,47
DA:144,47
DA:158,47
DA:159,47
DA:160,47
DA:161,47
DA:162,47
DA:169,47
DA:170,47
DA:171,47
DA:176,47
DA:180,47
DA:186,47
DA:187,45
DA:188,45
DA:189,45
DA:190,45
DA:196,47
DA:197,43
DA:198,43
DA:201,43
DA:204,43
DA:209,47
DA:210,45
DA:217,45
DA:218,45
DA:226,45
DA:228,45
DA:231,18
DA:232,18
DA:246,45
DA:247,45
DA:248,45
DA:249,45
DA:250,45
DA:251,45
DA:254,45
DA:255,45
DA:256,45
DA:257,45
DA:258,45
DA:259,45
DA:260,45
DA:261,45
DA:262,45
DA:263,0
DA:264,0
DA:265,0
DA:273,45
DA:274,45
DA:275,45
DA:276,45
DA:277,45
DA:278,45
DA:279,45
DA:280,45
DA:281,45
DA:282,45
DA:283,45
DA:284,45
DA:286,45
DA:288,45
DA:289,0
DA:290,0
DA:301,51
DA:302,51
DA:303,51
DA:304,51
DA:305,51
DA:306,51
DA:307,51
DA:308,51
DA:309,51
DA:310,51
DA:311,51
DA:312,51
DA:313,51
DA:315,51
DA:316,51
DA:317,51
DA:320,51
DA:321,51
DA:322,51
DA:323,51
DA:325,51
DA:327,51
DA:329,51
DA:330,51
DA:331,51
DA:333,51
DA:335,51
DA:339,4
DA:340,4
DA:341,4
DA:354,51
DA:355,51
DA:356,51
DA:357,51
DA:359,51
DA:365,27
LF:141
LH:135
BRF:0
BRH:0
end_of_record
TN:
SF:/Users/sbeta/Downloads/AZTEC-develop/packages/protocol/contracts/ACE/validators/adjustSupply/AdjustSupplyABIEncoder.sol
FN:23,encodeAndExit
FNF:1
FNH:1
FNDA:29,encodeAndExit
DA:23,29
DA:24,29
DA:26,29
DA:27,29
DA:28,29
DA:29,29
DA:30,29
DA:86,29
DA:87,29
DA:90,29
DA:91,29
DA:92,29
DA:94,29
DA:101,29
DA:104,29
DA:108,29
DA:110,29
DA:113,29
DA:114,29
DA:117,29
DA:119,29
DA:121,29
DA:123,29
DA:125,29
DA:127,29
DA:129,29
DA:130,29
DA:131,29
DA:135,29
DA:137,29
DA:138,29
DA:139,29
DA:143,29
DA:149,29
DA:151,29
DA:159,29
DA:160,29
DA:161,29
DA:165,29
DA:168,29
DA:170,29
DA:172,29
DA:174,29
DA:176,29
DA:178,29
DA:179,29
DA:180,29
DA:181,29
DA:182,29
DA:186,29
DA:187,29
DA:188,29
DA:189,29
DA:190,29
DA:194,29
DA:201,29
DA:205,29
DA:206,29
DA:209,29
DA:210,29
DA:211,29
DA:212,29
DA:213,29
DA:216,29
DA:217,29
DA:224,29
DA:225,29
DA:228,29
DA:231,29
DA:234,29
DA:239,29
DA:244,27
DA:246,27
DA:248,27
DA:250,27
DA:252,27
DA:257,27
DA:259,27
DA:261,27
DA:263,27
DA:265,27
DA:267,27
DA:268,27
DA:269,27
DA:270,27
DA:271,27
DA:275,27
DA:276,27
DA:277,27
DA:278,27
DA:279,27
DA:283,27
DA:285,27
DA:288,27
DA:296,29
DA:298,29
DA:299,29
DA:300,29
DA:301,29
DA:302,29
LF:100
LH:100
BRF:0
BRH:0
end_of_record
TN:
SF:/Users/sbeta/Downloads/AZTEC-develop/packages/protocol/contracts/libs/LibEIP712.sol
FN:30,
FN:44,hashEIP712Message
FN:76,recoverSignature
FNF:3
FNH:3
FNDA:223,
FNDA:11,hashEIP712Message
FNDA:33,recoverSignature
DA:30,223
DA:33,223
DA:44,11
DA:49,11
DA:58,11
DA:62,11
DA:63,11
DA:64,11
DA:65,11
DA:66,11
DA:68,11
DA:76,33
DA:80,12
DA:81,12
DA:87,12
DA:90,12
DA:93,12
DA:95,12
DA:96,12
DA:98,12
DA:100,12
DA:103,12
DA:106,12
DA:107,11
DA:108,11
DA:110,12
DA:113,33
DA:114,12
DA:115,32
LF:29
LH:29
BRDA:113,61,0,33
BRDA:113,61,1,33
BRDA:113,62,0,12
BRDA:113,62,1,11
BRF:4
BRH:4
end_of_record
TN:
SF:/Users/sbeta/Downloads/AZTEC-develop/packages/protocol/contracts/ACE/validators/bilateralSwap/BilateralSwap.sol
FN:26,
FNF:1
FNH:1
FNDA:22,
DA:26,22
DA:27,22
DA:33,22
DA:38,5
DA:80,22
DA:85,22
DA:86,22
DA:87,22
DA:88,22
DA:90,22
DA:92,5
DA:93,5
DA:97,17
DA:98,17
DA:100,17
DA:102,17
DA:103,17
DA:110,17
DA:113,17
DA:114,0
DA:115,17
DA:116,17
DA:118,17
DA:119,13
DA:122,13
DA:125,17
DA:126,17
DA:131,17
DA:146,14
DA:147,14
DA:148,14
DA:149,14
DA:150,14
DA:157,14
DA:158,14
DA:159,14
DA:164,14
DA:168,14
DA:172,14
DA:173,13
DA:186,13
DA:188,13
DA:191,8
DA:192,8
DA:202,17
DA:203,17
DA:204,17
DA:205,17
DA:206,17
DA:207,17
DA:208,17
DA:209,17
DA:210,17
DA:211,17
DA:212,17
DA:213,17
DA:214,17
DA:216,17
DA:217,17
DA:218,17
DA:221,17
DA:222,17
DA:223,17
DA:224,17
DA:226,17
DA:227,17
DA:229,17
DA:230,17
DA:231,17
DA:232,17
DA:233,17
DA:234,17
DA:235,17
DA:239,3
DA:240,3
DA:241,3
DA:255,17
DA:256,17
DA:257,17
DA:258,17
DA:262,17
DA:267,5
LF:82
LH:81
BRF:0
BRH:0
end_of_record
TN:
SF:/Users/sbeta/Downloads/AZTEC-develop/packages/protocol/contracts/ACE/validators/bilateralSwap/BilateralSwapABIEncoder.sol
FN:36,encodeAndExit
FNF:1
FNH:1
FNDA:8,encodeAndExit
DA:36,8
DA:37,8
DA:39,8
DA:40,8
DA:41,8
DA:46,8
DA:47,8
DA:48,8
DA:49,2
DA:50,2
DA:115,6
DA:131,6
DA:134,6
DA:153,6
DA:159,6
DA:162,6
DA:163,6
DA:164,6
DA:181,6
DA:184,6
DA:187,6
DA:205,6
DA:212,6
DA:215,6
DA:218,6
DA:221,6
DA:224,6
DA:227,6
DA:239,6
DA:241,6
DA:242,6
DA:243,6
DA:244,6
DA:251,6
DA:253,6
DA:254,6
DA:255,6
DA:256,6
DA:278,6
DA:281,6
DA:307,6
DA:312,6
DA:317,6
DA:320,6
DA:326,6
DA:345,6
DA:348,6
DA:351,6
DA:353,6
DA:354,6
DA:355,6
DA:356,6
DA:363,6
DA:365,6
DA:366,6
DA:367,6
DA:368,6
DA:380,6
DA:388,6
DA:392,6
DA:396,6
DA:405,6
DA:414,6
DA:419,6
DA:422,6
DA:425,6
DA:428,6
DA:432,6
DA:433,6
DA:442,6
DA:445,6
DA:448,6
DA:459,6
DA:462,6
DA:465,6
DA:468,6
DA:471,6
DA:474,6
DA:477,6
DA:478,6
DA:479,6
DA:480,6
DA:481,6
DA:482,6
DA:489,6
DA:490,6
DA:491,6
DA:492,6
DA:493,6
DA:494,6
DA:509,6
DA:512,6
DA:522,6
DA:527,6
DA:530,6
DA:533,6
DA:537,6
DA:538,6
DA:541,6
DA:544,6
DA:545,6
DA:546,6
DA:547,6
DA:548,6
DA:549,6
DA:556,6
DA:557,6
DA:558,6
DA:559,6
DA:560,6
DA:561,6
DA:568,6
DA:572,6
DA:575,6
DA:578,6
DA:592,6
DA:600,6
LF:117
LH:117
BRF:0
BRH:0
end_of_record
TN:
SF:/Users/sbeta/Downloads/AZTEC-develop/packages/protocol/contracts/ACE/validators/dividendComputation/DividendComputation.sol
FN:25,
FNF:1
FNH:1
FNDA:22,
DA:25,22
DA:26,22
DA:32,22
DA:37,2
DA:59,22
DA:64,22
DA:65,22
DA:66,22
DA:67,22
DA:68,22
DA:69,22
DA:71,22
DA:72,22
DA:76,22
DA:77,2
DA:78,2
DA:82,20
DA:83,1
DA:84,1
DA:97,19
DA:98,19
DA:99,19
DA:101,19
DA:102,19
DA:111,19
DA:114,19
DA:136,0
DA:137,19
DA:138,19
DA:140,19
DA:141,13
DA:145,13
DA:146,13
DA:147,13
DA:148,13
DA:149,13
DA:150,13
DA:151,13
DA:152,13
DA:153,13
DA:154,13
DA:157,19
DA:161,19
DA:166,19
DA:167,19
DA:168,19
DA:169,19
DA:171,19
DA:175,19
DA:190,14
DA:191,14
DA:192,14
DA:193,14
DA:194,14
DA:204,14
DA:205,14
DA:206,14
DA:211,14
DA:217,14
DA:225,14
DA:226,14
DA:227,14
DA:228,14
DA:229,14
DA:231,14
DA:238,14
DA:239,13
DA:240,13
DA:243,13
DA:246,13
DA:250,14
DA:251,13
DA:255,12
DA:260,11
DA:263,11
DA:266,9
DA:267,9
DA:275,12
DA:276,12
DA:277,12
DA:278,12
DA:279,12
DA:280,12
DA:283,12
DA:284,12
DA:285,12
DA:286,12
DA:287,12
DA:288,12
DA:289,12
DA:290,12
DA:291,12
DA:292,0
DA:293,0
DA:294,0
DA:301,12
DA:302,12
DA:303,12
DA:304,12
DA:305,12
DA:306,12
DA:307,12
DA:308,12
DA:309,12
DA:310,12
DA:311,12
DA:312,12
DA:314,12
DA:316,12
DA:317,1
DA:318,1
DA:328,19
DA:329,19
DA:330,19
DA:331,19
DA:332,19
DA:333,19
DA:334,19
DA:335,19
DA:336,19
DA:337,19
DA:338,19
DA:339,19
DA:340,19
DA:342,19
DA:343,19
DA:344,19
DA:347,19
DA:348,19
DA:349,19
DA:350,19
DA:352,19
DA:353,19
DA:355,19
DA:356,19
DA:357,19
DA:359,19
DA:360,19
DA:364,6
DA:365,6
DA:366,6
DA:382,19
DA:383,19
DA:384,19
DA:385,19
DA:387,19
DA:391,2
LF:147
LH:143
BRF:0
BRH:0
end_of_record
TN:
SF:/Users/sbeta/Downloads/AZTEC-develop/packages/protocol/contracts/ACE/validators/dividendComputation/DividendComputationABIEncoder.sol
FN:35,encodeAndExit
FNF:1
FNH:1
FNDA:3,encodeAndExit
DA:35,3
DA:36,3
DA:38,3
DA:39,3
DA:40,3
DA:41,3
DA:42,3
DA:43,3
DA:81,3
DA:82,3
DA:84,3
DA:86,3
DA:89,3
DA:90,3
DA:93,3
DA:95,3
DA:96,3
DA:98,3
DA:100,3
DA:101,3
DA:103,3
DA:104,3
DA:108,3
DA:110,3
DA:112,3
DA:115,3
DA:118,3
DA:120,3
DA:121,3
DA:122,3
DA:123,3
DA:124,3
DA:125,3
DA:131,3
DA:132,3
DA:133,3
DA:134,3
DA:135,3
DA:136,3
DA:142,3
DA:145,3
DA:150,3
DA:151,3
DA:152,0
DA:153,3
DA:154,3
DA:157,3
DA:159,3
DA:161,3
DA:163,3
DA:165,3
DA:167,3
DA:170,3
DA:172,3
DA:174,3
DA:176,3
DA:178,3
DA:180,3
DA:181,3
DA:182,3
DA:183,3
DA:184,3
DA:185,3
DA:191,3
DA:192,3
DA:193,3
DA:194,3
DA:195,3
DA:196,3
DA:202,3
DA:204,3
DA:207,3
DA:211,3
DA:212,3
DA:215,3
DA:216,3
DA:218,3
DA:219,3
LF:78
LH:77
BRF:0
BRH:0
end_of_record
TN:
SF:/Users/sbeta/Downloads/AZTEC-develop/packages/protocol/contracts/ACE/validators/joinSplit/JoinSplit.sol
FN:33,
FNF:1
FNH:1
FNDA:97,
DA:33,97
DA:34,97
DA:35,97
DA:40,97
DA:45,75
DA:67,97
DA:68,97
DA:69,97
DA:70,97
DA:71,97
DA:72,97
DA:73,97
DA:74,97
DA:77,97
DA:80,92
DA:83,92
DA:84,92
DA:85,92
DA:86,92
DA:87,92
DA:88,92
DA:89,92
DA:98,92
DA:101,91
DA:121,91
DA:122,91
DA:123,91
DA:131,91
DA:132,87
DA:133,87
DA:136,87
DA:137,7
DA:138,7
DA:143,91
DA:147,87
DA:148,80
DA:151,80
DA:152,80
DA:153,80
DA:154,80
DA:155,80
DA:158,80
DA:160,51
DA:163,51
DA:177,87
DA:178,87
DA:179,87
DA:180,87
DA:181,87
DA:188,87
DA:189,87
DA:190,87
DA:195,87
DA:199,87
DA:205,87
DA:206,80
DA:207,80
DA:208,80
DA:209,80
DA:211,80
DA:218,87
DA:219,78
DA:221,78
DA:222,0
DA:223,78
DA:224,78
DA:225,78
DA:226,78
DA:228,78
DA:241,87
DA:242,86
DA:249,87
DA:250,87
DA:256,86
DA:257,86
DA:260,11
DA:261,11
DA:273,86
DA:274,80
DA:275,80
DA:276,80
DA:277,80
DA:278,80
DA:281,80
DA:282,80
DA:283,80
DA:284,80
DA:285,80
DA:286,80
DA:287,80
DA:288,80
DA:289,80
DA:290,0
DA:291,0
DA:292,0
DA:300,80
DA:301,80
DA:302,80
DA:303,80
DA:304,80
DA:305,80
DA:306,80
DA:307,80
DA:308,80
DA:309,80
DA:310,80
DA:311,80
DA:313,80
DA:315,80
DA:316,1
DA:317,1
DA:327,91
DA:328,91
DA:329,91
DA:330,91
DA:331,91
DA:332,91
DA:333,91
DA:334,91
DA:335,91
DA:336,91
DA:337,91
DA:338,91
DA:339,91
DA:341,91
DA:342,91
DA:343,91
DA:346,91
DA:347,91
DA:348,91
DA:349,91
DA:351,91
DA:353,91
DA:355,91
DA:356,91
DA:357,91
DA:359,91
DA:361,91
DA:365,4
DA:366,4
DA:367,4
DA:380,92
DA:381,92
DA:382,91
DA:383,91
DA:385,92
DA:391,75
LF:147
LH:143
BRF:0
BRH:0
end_of_record
TN:
SF:/Users/sbeta/Downloads/AZTEC-develop/packages/protocol/contracts/ACE/validators/joinSplit/JoinSplitABIEncoder.sol
FN:41,encodeAndExit
FNF:1
FNH:1
FNDA:76,encodeAndExit
DA:41,76
DA:42,76
DA:43,76
DA:45,76
DA:46,76
DA:47,76
DA:48,76
DA:49,76
DA:50,76
DA:51,76
DA:63,76
DA:64,76
DA:65,76
DA:66,76
DA:72,76
DA:73,76
DA:112,76
DA:113,76
DA:115,76
DA:117,76
DA:120,76
DA:121,76
DA:122,48
DA:123,48
DA:125,28
DA:126,28
DA:129,76
DA:130,76
DA:131,76
DA:133,76
DA:135,76
DA:136,40
DA:138,40
DA:140,40
DA:141,40
DA:143,40
DA:144,40
DA:146,40
DA:147,40
DA:149,40
DA:150,40
DA:153,40
DA:155,40
DA:156,40
DA:157,40
DA:160,40
DA:162,40
DA:163,40
DA:164,40
DA:167,40
DA:168,2
DA:169,2
DA:172,38
DA:173,0
DA:174,0
DA:177,38
DA:179,38
DA:181,38
DA:182,38
DA:183,38
DA:184,38
DA:185,38
DA:186,38
DA:192,38
DA:193,38
DA:194,38
DA:195,38
DA:196,38
DA:197,38
DA:203,38
DA:206,38
DA:211,74
DA:212,74
DA:213,0
DA:214,74
DA:215,74
DA:218,74
DA:220,68
DA:222,68
DA:224,68
DA:227,68
DA:228,68
DA:231,68
DA:233,68
DA:235,68
DA:237,68
DA:239,68
DA:241,68
DA:242,68
DA:243,68
DA:244,68
DA:245,68
DA:246,68
DA:252,68
DA:253,68
DA:254,68
DA:255,68
DA:256,68
DA:257,68
DA:263,68
DA:265,68
DA:268,68
DA:272,74
DA:273,74
DA:274,74
DA:275,74
DA:276,74
DA:277,74
LF:108
LH:105
BRF:0
BRH:0
end_of_record
TN:
SF:/Users/sbeta/Downloads/AZTEC-develop/packages/protocol/contracts/ERC20/ERC20Mintable.sol
FN:18,mint
FNF:1
FNH:1
FNDA:467,mint
DA:18,467
DA:19,467
DA:20,0
LF:3
LH:2
BRF:0
BRH:0
end_of_record
TN:
SF:/Users/sbeta/Downloads/AZTEC-develop/packages/protocol/contracts/ERC1724/ZkAsset.sol
FN:45,
FN:91,confidentialTransfer
FN:108,confidentialApprove
FN:148,confidentialTransferFrom
FN:176,confidentialTransferInternal
FN:203,logInputNotes
FN:216,logOutputNotes
FNF:7
FNH:7
FNDA:30,
FNDA:26,confidentialTransfer
FNDA:46,confidentialApprove
FNDA:21,confidentialTransferFrom
FNDA:21,confidentialTransferInternal
FNDA:24,logInputNotes
FNDA:27,logOutputNotes
DA:45,30
DA:52,30
DA:58,30
DA:63,30
DA:64,30
DA:65,30
DA:66,30
DA:72,30
DA:91,26
DA:92,22
DA:93,24
DA:108,46
DA:114,16
DA:115,14
DA:116,12
DA:117,12
DA:119,10
DA:125,10
DA:126,10
DA:131,2
DA:133,12
DA:134,10
DA:148,21
DA:149,5
DA:154,5
DA:155,21
DA:156,21
DA:157,5
DA:163,5
DA:165,3
DA:166,3
DA:168,3
DA:169,1
DA:171,3
DA:172,1
DA:176,21
DA:177,21
DA:178,21
DA:179,21
DA:181,21
DA:186,21
DA:187,21
DA:188,21
DA:189,18
DA:191,21
DA:192,2
DA:203,24
DA:204,24
DA:205,8
DA:206,8
DA:216,27
DA:217,27
DA:218,26
DA:219,26
LF:54
LH:54
BRDA:117,19,0,10
BRDA:117,19,1,2
BRDA:168,39,0,1
BRDA:168,39,1,3
BRDA:171,42,0,1
BRDA:171,42,1,3
BRDA:188,55,0,18
BRDA:188,55,1,21
BRDA:191,58,0,2
BRDA:191,58,1,21
BRF:10
BRH:10
end_of_record
TN:
SF:/Users/sbeta/Downloads/AZTEC-develop/packages/protocol/contracts/ERC1724/ZkAssetBurnable.sol
FN:23,
FN:47,confidentialBurn
FNF:2
FNH:2
FNDA:4,
FNDA:11,confidentialBurn
DA:23,4
DA:29,4
DA:36,4
DA:47,11
DA:48,7
DA:49,5
DA:51,5
DA:53,1
DA:55,1
DA:57,5
DA:61,1
DA:62,1
LF:12
LH:12
BRF:0
BRH:0
end_of_record
TN:
SF:/Users/sbeta/Downloads/AZTEC-develop/packages/protocol/contracts/ERC1724/ZkAssetOwnable.sol
FN:22,
FN:38,setProofs
FN:46,confidentialTransferFrom
FN:55,supportsProof
FNF:4
FNH:4
FNDA:19,
FNDA:13,setProofs
FNDA:7,confidentialTransferFrom
FNDA:7,supportsProof
DA:22,19
DA:28,19
DA:35,19
DA:38,13
DA:42,13
DA:43,11
DA:46,7
DA:47,7
DA:48,7
DA:49,5
DA:55,7
DA:56,7
DA:57,7
DA:58,7
DA:59,7
LF:15
LH:15
BRF:0
BRH:0
end_of_record
TN:
SF:/Users/sbeta/Downloads/AZTEC-develop/packages/protocol/contracts/ERC1724/ZkAssetMintable.sol
FN:25,
FN:50,confidentialMint
FN:82,confidentialTransfer
FNF:3
FNH:3
FNDA:5,
FNDA:9,confidentialMint
FNDA:1,confidentialTransfer
DA:25,5
DA:31,5
DA:38,5
DA:50,9
DA:51,8
DA:52,6
DA:54,6
DA:56,2
DA:58,2
DA:60,3
DA:64,2
DA:65,2
DA:82,1
DA:83,1
DA:84,1
DA:86,1
DA:88,1
DA:93,1
DA:101,1
DA:102,1
DA:103,1
DA:104,1
DA:105,1
DA:107,1
DA:111,1
LF:25
LH:25
BRDA:101,22,0,1
BRDA:101,22,1,1
BRDA:102,24,0,1
BRDA:102,24,1,1
BRF:4
BRH:4
end_of_record
TN:
SF:/Users/sbeta/Downloads/AZTEC-develop/packages/protocol/contracts/ACE/validators/joinSplit/JoinSplitABIEncoderTest.sol
FN:7,validateJoinSplit
FNF:1
FNH:1
FNDA:1,validateJoinSplit
DA:7,1
DA:15,1
LF:2
LH:2
BRF:0
BRH:0
end_of_record
